/var/www/components/core_patient_registration/app/views/core_patient_registration/new.rhtml:7: warning: multiple values for a block parameter (0 for 1)
	from /home/chimwemwe/.rvm/gems/ruby-1.8.7-p370@tutorials/gems/actionpack-2.3.5/lib/action_view/helpers/capture_helper.rb:36
[ pid=14944 thr=69985639893420 file=utils.rb:176 time=2012-12-11 10:53:09.833 ]: *** Exception NameError in PhusionPassenger::ClassicRails::ApplicationSpawner (uninitialized constant Rails::Engine) (process 14944, thread #<Thread:0x7f4d9a691358>):
	from /home/chimwemwe/.rvm/gems/ruby-1.8.7-p370@tutorials/gems/activesupport-2.3.5/lib/active_support/dependencies.rb:440:in `load_missing_constant'
	from /home/chimwemwe/.rvm/gems/ruby-1.8.7-p370@tutorials/gems/activesupport-2.3.5/lib/active_support/dependencies.rb:80:in `const_missing'
	from /home/chimwemwe/.rvm/gems/ruby-1.8.7-p370@tutorials/gems/wash_out-0.5.4/lib/wash_out/engine.rb:2
	from /home/chimwemwe/.rvm/rubies/ruby-1.8.7-p370/lib/ruby/site_ruby/1.8/rubygems/custom_require.rb:31:in `gem_original_require'
	from /home/chimwemwe/.rvm/rubies/ruby-1.8.7-p370/lib/ruby/site_ruby/1.8/rubygems/custom_require.rb:31:in `require'
	from /home/chimwemwe/.rvm/gems/ruby-1.8.7-p370@tutorials/gems/activesupport-2.3.5/lib/active_support/dependencies.rb:158:in `require'
	from /home/chimwemwe/.rvm/gems/ruby-1.8.7-p370@tutorials/gems/wash_out-0.5.4/lib/wash_out.rb:1
	from /home/chimwemwe/.rvm/rubies/ruby-1.8.7-p370/lib/ruby/site_ruby/1.8/rubygems/custom_require.rb:36:in `gem_original_require'
	from /home/chimwemwe/.rvm/rubies/ruby-1.8.7-p370/lib/ruby/site_ruby/1.8/rubygems/custom_require.rb:36:in `require'
	from /home/chimwemwe/.rvm/gems/ruby-1.8.7-p370@tutorials/gems/activesupport-2.3.5/lib/active_support/dependencies.rb:158:in `require'
	from /var/www/components/core_patient_registration/config/environment.rb:44
	from /home/chimwemwe/.rvm/rubies/ruby-1.8.7-p370/lib/ruby/site_ruby/1.8/rubygems/custom_require.rb:31:in `gem_original_require'
	from /home/chimwemwe/.rvm/rubies/ruby-1.8.7-p370/lib/ruby/site_ruby/1.8/rubygems/custom_require.rb:31:in `require'
	from /home/chimwemwe/.passenger/standalone/3.0.18-x86_64-ruby1.8.7-linux-gcc4.7.2-1002/support/lib/phusion_passenger/classic_rails/application_spawner.rb:222:in `preload_application'
	from /home/chimwemwe/.passenger/standalone/3.0.18-x86_64-ruby1.8.7-linux-gcc4.7.2-1002/support/lib/phusion_passenger/classic_rails/application_spawner.rb:181:in `initialize_server'
	from /home/chimwemwe/.passenger/standalone/3.0.18-x86_64-ruby1.8.7-linux-gcc4.7.2-1002/support/lib/phusion_passenger/utils.rb:563:in `report_app_init_status'
	from /home/chimwemwe/.passenger/standalone/3.0.18-x86_64-ruby1.8.7-linux-gcc4.7.2-1002/support/lib/phusion_passenger/classic_rails/application_spawner.rb:174:in `initialize_server'
	from /home/chimwemwe/.passenger/standalone/3.0.18-x86_64-ruby1.8.7-linux-gcc4.7.2-1002/support/lib/phusion_passenger/abstract_server.rb:204:in `start_synchronously'
	from /home/chimwemwe/.passenger/standalone/3.0.18-x86_64-ruby1.8.7-linux-gcc4.7.2-1002/support/lib/phusion_passenger/abstract_server.rb:180:in `start'
	from /home/chimwemwe/.passenger/standalone/3.0.18-x86_64-ruby1.8.7-linux-gcc4.7.2-1002/support/lib/phusion_passenger/classic_rails/application_spawner.rb:149:in `start'
	from /home/chimwemwe/.passenger/standalone/3.0.18-x86_64-ruby1.8.7-linux-gcc4.7.2-1002/support/lib/phusion_passenger/spawn_manager.rb:219:in `spawn_rails_application'
	from /home/chimwemwe/.passenger/standalone/3.0.18-x86_64-ruby1.8.7-linux-gcc4.7.2-1002/support/lib/phusion_passenger/abstract_server_collection.rb:132:in `lookup_or_add'
	from /home/chimwemwe/.passenger/standalone/3.0.18-x86_64-ruby1.8.7-linux-gcc4.7.2-1002/support/lib/phusion_passenger/spawn_manager.rb:214:in `spawn_rails_application'
	from /home/chimwemwe/.passenger/standalone/3.0.18-x86_64-ruby1.8.7-linux-gcc4.7.2-1002/support/lib/phusion_passenger/abstract_server_collection.rb:82:in `synchronize'
	from /home/chimwemwe/.passenger/standalone/3.0.18-x86_64-ruby1.8.7-linux-gcc4.7.2-1002/support/lib/phusion_passenger/abstract_server_collection.rb:79:in `synchronize'
	from /home/chimwemwe/.passenger/standalone/3.0.18-x86_64-ruby1.8.7-linux-gcc4.7.2-1002/support/lib/phusion_passenger/spawn_manager.rb:213:in `spawn_rails_application'
	from /home/chimwemwe/.passenger/standalone/3.0.18-x86_64-ruby1.8.7-linux-gcc4.7.2-1002/support/lib/phusion_passenger/spawn_manager.rb:132:in `spawn_application'
	from /home/chimwemwe/.passenger/standalone/3.0.18-x86_64-ruby1.8.7-linux-gcc4.7.2-1002/support/lib/phusion_passenger/spawn_manager.rb:275:in `handle_spawn_application'
	from /home/chimwemwe/.passenger/standalone/3.0.18-x86_64-ruby1.8.7-linux-gcc4.7.2-1002/support/lib/phusion_passenger/abstract_server.rb:357:in `__send__'
	from /home/chimwemwe/.passenger/standalone/3.0.18-x86_64-ruby1.8.7-linux-gcc4.7.2-1002/support/lib/phusion_passenger/abstract_server.rb:357:in `server_main_loop'
	from /home/chimwemwe/.passenger/standalone/3.0.18-x86_64-ruby1.8.7-linux-gcc4.7.2-1002/support/lib/phusion_passenger/abstract_server.rb:206:in `start_synchronously'
	from /home/chimwemwe/.passenger/standalone/3.0.18-x86_64-ruby1.8.7-linux-gcc4.7.2-1002/support/helper-scripts/passenger-spawn-server:99
/var/www/components/core_patient_registration/app/views/core_patient_registration/new.rhtml:7: warning: multiple values for a block parameter (0 for 1)
	from /home/chimwemwe/.rvm/gems/ruby-1.8.7-p370@tutorials/gems/actionpack-2.3.5/lib/action_view/helpers/capture_helper.rb:36
/var/www/components/core_patient_registration/app/views/core_patient_registration/new.rhtml:7: warning: multiple values for a block parameter (0 for 1)
	from /home/chimwemwe/.rvm/gems/ruby-1.8.7-p370@tutorials/gems/actionpack-2.3.5/lib/action_view/helpers/capture_helper.rb:36
/var/www/components/core_patient_registration/app/views/core_patient_registration/new.rhtml:7: warning: multiple values for a block parameter (0 for 1)
	from /home/chimwemwe/.rvm/gems/ruby-1.8.7-p370@tutorials/gems/actionpack-2.3.5/lib/action_view/helpers/capture_helper.rb:36
/var/www/components/core_patient_registration/app/views/core_patient_registration/new.rhtml:7: warning: multiple values for a block parameter (0 for 1)
	from /home/chimwemwe/.rvm/gems/ruby-1.8.7-p370@tutorials/gems/actionpack-2.3.5/lib/action_view/helpers/capture_helper.rb:36
/var/www/components/core_patient_registration/app/views/core_patient_registration/new.rhtml:7: warning: multiple values for a block parameter (0 for 1)
	from /home/chimwemwe/.rvm/gems/ruby-1.8.7-p370@tutorials/gems/actionpack-2.3.5/lib/action_view/helpers/capture_helper.rb:36
/var/www/components/core_patient_registration/app/views/core_patient_registration/new.rhtml:7: warning: multiple values for a block parameter (0 for 1)
	from /home/chimwemwe/.rvm/gems/ruby-1.8.7-p370@tutorials/gems/actionpack-2.3.5/lib/action_view/helpers/capture_helper.rb:36
/var/www/components/core_patient_registration/app/views/core_patient_registration/new.rhtml:7: warning: multiple values for a block parameter (0 for 1)
	from /home/chimwemwe/.rvm/gems/ruby-1.8.7-p370@tutorials/gems/actionpack-2.3.5/lib/action_view/helpers/capture_helper.rb:36
/var/www/components/core_patient_registration/app/views/core_patient_registration/new.rhtml:7: warning: multiple values for a block parameter (0 for 1)
	from /home/chimwemwe/.rvm/gems/ruby-1.8.7-p370@tutorials/gems/actionpack-2.3.5/lib/action_view/helpers/capture_helper.rb:36
/var/www/components/core_patient_registration/app/views/core_patient_registration/new.rhtml:7: warning: multiple values for a block parameter (0 for 1)
	from /home/chimwemwe/.rvm/gems/ruby-1.8.7-p370@tutorials/gems/actionpack-2.3.5/lib/action_view/helpers/capture_helper.rb:36
/var/www/components/core_patient_registration/app/views/core_patient_registration/new.rhtml:7: warning: multiple values for a block parameter (0 for 1)
	from /home/chimwemwe/.rvm/gems/ruby-1.8.7-p370@tutorials/gems/actionpack-2.3.5/lib/action_view/helpers/capture_helper.rb:36
/var/www/components/core_patient_registration/app/views/core_patient_registration/new.rhtml:7: warning: multiple values for a block parameter (0 for 1)
	from /home/chimwemwe/.rvm/gems/ruby-1.8.7-p370@tutorials/gems/actionpack-2.3.5/lib/action_view/helpers/capture_helper.rb:36
/var/www/components/core_patient_registration/app/views/core_patient_registration/new.rhtml:7: warning: multiple values for a block parameter (0 for 1)
	from /home/chimwemwe/.rvm/gems/ruby-1.8.7-p370@tutorials/gems/actionpack-2.3.5/lib/action_view/helpers/capture_helper.rb:36
/var/www/components/core_patient_registration/app/views/core_patient_registration/new.rhtml:7: warning: multiple values for a block parameter (0 for 1)
	from /home/chimwemwe/.rvm/gems/ruby-1.8.7-p370@tutorials/gems/actionpack-2.3.5/lib/action_view/helpers/capture_helper.rb:36
/var/www/components/core_patient_registration/app/views/core_patient_registration/new.rhtml:7: warning: multiple values for a block parameter (0 for 1)
	from /home/chimwemwe/.rvm/gems/ruby-1.8.7-p370@tutorials/gems/actionpack-2.3.5/lib/action_view/helpers/capture_helper.rb:36
/var/www/components/core_patient_registration/app/views/core_patient_registration/new.rhtml:7: warning: multiple values for a block parameter (0 for 1)
	from /home/chimwemwe/.rvm/gems/ruby-1.8.7-p370@tutorials/gems/actionpack-2.3.5/lib/action_view/helpers/capture_helper.rb:36
/var/www/components/core_patient_registration/app/views/core_patient_registration/new.rhtml:7: warning: multiple values for a block parameter (0 for 1)
	from /home/chimwemwe/.rvm/gems/ruby-1.8.7-p370@tutorials/gems/actionpack-2.3.5/lib/action_view/helpers/capture_helper.rb:36
/var/www/components/core_patient_registration/app/views/core_patient_registration/new.rhtml:7: warning: multiple values for a block parameter (0 for 1)
	from /home/chimwemwe/.rvm/gems/ruby-1.8.7-p370@tutorials/gems/actionpack-2.3.5/lib/action_view/helpers/capture_helper.rb:36
/var/www/components/core_patient_registration/app/views/core_patient_registration/new.rhtml:7: warning: multiple values for a block parameter (0 for 1)
	from /home/chimwemwe/.rvm/gems/ruby-1.8.7-p370@tutorials/gems/actionpack-2.3.5/lib/action_view/helpers/capture_helper.rb:36
/var/www/components/core_patient_registration/app/views/core_patient_registration/new.rhtml:7: warning: multiple values for a block parameter (0 for 1)
	from /home/chimwemwe/.rvm/gems/ruby-1.8.7-p370@tutorials/gems/actionpack-2.3.5/lib/action_view/helpers/capture_helper.rb:36
/var/www/components/core_patient_registration/app/views/core_patient_registration/new.rhtml:7: warning: multiple values for a block parameter (0 for 1)
	from /home/chimwemwe/.rvm/gems/ruby-1.8.7-p370@tutorials/gems/actionpack-2.3.5/lib/action_view/helpers/capture_helper.rb:36
/var/www/components/core_patient_registration/app/views/core_patient_registration/new.rhtml:7: warning: multiple values for a block parameter (0 for 1)
	from /home/chimwemwe/.rvm/gems/ruby-1.8.7-p370@tutorials/gems/actionpack-2.3.5/lib/action_view/helpers/capture_helper.rb:36
/var/www/components/core_patient_registration/app/views/core_patient_registration/new.rhtml:7: warning: multiple values for a block parameter (0 for 1)
	from /home/chimwemwe/.rvm/gems/ruby-1.8.7-p370@tutorials/gems/actionpack-2.3.5/lib/action_view/helpers/capture_helper.rb:36
/var/www/components/core_patient_registration/app/views/core_patient_registration/new.rhtml:7: warning: multiple values for a block parameter (0 for 1)
	from /home/chimwemwe/.rvm/gems/ruby-1.8.7-p370@tutorials/gems/actionpack-2.3.5/lib/action_view/helpers/capture_helper.rb:36
/var/www/components/core_patient_registration/app/views/core_patient_registration/new.rhtml:7: warning: multiple values for a block parameter (0 for 1)
	from /home/chimwemwe/.rvm/gems/ruby-1.8.7-p370@tutorials/gems/actionpack-2.3.5/lib/action_view/helpers/capture_helper.rb:36
/var/www/components/core_patient_registration/app/views/core_patient_registration/new.rhtml:7: warning: multiple values for a block parameter (0 for 1)
	from /home/chimwemwe/.rvm/gems/ruby-1.8.7-p370@tutorials/gems/actionpack-2.3.5/lib/action_view/helpers/capture_helper.rb:36
/var/www/components/core_patient_registration/app/views/core_patient_registration/new.rhtml:7: warning: multiple values for a block parameter (0 for 1)
	from /home/chimwemwe/.rvm/gems/ruby-1.8.7-p370@tutorials/gems/actionpack-2.3.5/lib/action_view/helpers/capture_helper.rb:36
/var/www/components/core_patient_registration/app/views/core_patient_registration/new.rhtml:7: warning: multiple values for a block parameter (0 for 1)
	from /home/chimwemwe/.rvm/gems/ruby-1.8.7-p370@tutorials/gems/actionpack-2.3.5/lib/action_view/helpers/capture_helper.rb:36
/var/www/components/core_patient_registration/app/views/core_patient_registration/new.rhtml:7: warning: multiple values for a block parameter (0 for 1)
	from /home/chimwemwe/.rvm/gems/ruby-1.8.7-p370@tutorials/gems/actionpack-2.3.5/lib/action_view/helpers/capture_helper.rb:36
/var/www/components/core_patient_registration/app/views/core_patient_registration/new.rhtml:7: warning: multiple values for a block parameter (0 for 1)
	from /home/chimwemwe/.rvm/gems/ruby-1.8.7-p370@tutorials/gems/actionpack-2.3.5/lib/action_view/helpers/capture_helper.rb:36
/var/www/components/core_patient_registration/app/views/core_patient_registration/new.rhtml:7: warning: multiple values for a block parameter (0 for 1)
	from /home/chimwemwe/.rvm/gems/ruby-1.8.7-p370@tutorials/gems/actionpack-2.3.5/lib/action_view/helpers/capture_helper.rb:36
/var/www/components/core_patient_registration/app/views/core_patient_registration/new.rhtml:7: warning: multiple values for a block parameter (0 for 1)
	from /home/chimwemwe/.rvm/gems/ruby-1.8.7-p370@tutorials/gems/actionpack-2.3.5/lib/action_view/helpers/capture_helper.rb:36
/var/www/components/core_patient_registration/app/views/core_patient_registration/new.rhtml:7: warning: multiple values for a block parameter (0 for 1)
	from /home/chimwemwe/.rvm/gems/ruby-1.8.7-p370@tutorials/gems/actionpack-2.3.5/lib/action_view/helpers/capture_helper.rb:36
/var/www/components/core_patient_registration/app/views/core_patient_registration/new.rhtml:7: warning: multiple values for a block parameter (0 for 1)
	from /home/chimwemwe/.rvm/gems/ruby-1.8.7-p370@tutorials/gems/actionpack-2.3.5/lib/action_view/helpers/capture_helper.rb:36
/var/www/components/core_patient_registration/app/views/core_patient_registration/new.rhtml:7: warning: multiple values for a block parameter (0 for 1)
	from /home/chimwemwe/.rvm/gems/ruby-1.8.7-p370@tutorials/gems/actionpack-2.3.5/lib/action_view/helpers/capture_helper.rb:36
/var/www/components/core_patient_registration/app/views/core_patient_registration/new.rhtml:7: warning: multiple values for a block parameter (0 for 1)
	from /home/chimwemwe/.rvm/gems/ruby-1.8.7-p370@tutorials/gems/actionpack-2.3.5/lib/action_view/helpers/capture_helper.rb:36
/var/www/components/core_patient_registration/app/views/core_patient_registration/new.rhtml:7: warning: multiple values for a block parameter (0 for 1)
	from /home/chimwemwe/.rvm/gems/ruby-1.8.7-p370@tutorials/gems/actionpack-2.3.5/lib/action_view/helpers/capture_helper.rb:36
/var/www/components/core_patient_registration/app/views/core_patient_registration/new.rhtml:7: warning: multiple values for a block parameter (0 for 1)
	from /home/chimwemwe/.rvm/gems/ruby-1.8.7-p370@tutorials/gems/actionpack-2.3.5/lib/action_view/helpers/capture_helper.rb:36
/var/www/components/core_patient_registration/app/views/core_patient_registration/new.rhtml:7: warning: multiple values for a block parameter (0 for 1)
	from /home/chimwemwe/.rvm/gems/ruby-1.8.7-p370@tutorials/gems/actionpack-2.3.5/lib/action_view/helpers/capture_helper.rb:36
/var/www/components/core_patient_registration/app/views/core_patient_registration/new.rhtml:7: warning: multiple values for a block parameter (0 for 1)
	from /home/chimwemwe/.rvm/gems/ruby-1.8.7-p370@tutorials/gems/actionpack-2.3.5/lib/action_view/helpers/capture_helper.rb:36
/var/www/components/core_patient_registration/app/views/core_patient_registration/new.rhtml:7: warning: multiple values for a block parameter (0 for 1)
	from /home/chimwemwe/.rvm/gems/ruby-1.8.7-p370@tutorials/gems/actionpack-2.3.5/lib/action_view/helpers/capture_helper.rb:36
/var/www/components/core_patient_registration/app/views/core_patient_registration/new.rhtml:7: warning: multiple values for a block parameter (0 for 1)
	from /home/chimwemwe/.rvm/gems/ruby-1.8.7-p370@tutorials/gems/actionpack-2.3.5/lib/action_view/helpers/capture_helper.rb:36
/var/www/components/core_patient_registration/app/views/core_patient_registration/new.rhtml:7: warning: multiple values for a block parameter (0 for 1)
	from /home/chimwemwe/.rvm/gems/ruby-1.8.7-p370@tutorials/gems/actionpack-2.3.5/lib/action_view/helpers/capture_helper.rb:36
/var/www/components/core_patient_registration/app/views/core_patient_registration/new.rhtml:7: warning: multiple values for a block parameter (0 for 1)
	from /home/chimwemwe/.rvm/gems/ruby-1.8.7-p370@tutorials/gems/actionpack-2.3.5/lib/action_view/helpers/capture_helper.rb:36
/var/www/components/core_patient_registration/app/views/core_patient_registration/new.rhtml:7: warning: multiple values for a block parameter (0 for 1)
	from /home/chimwemwe/.rvm/gems/ruby-1.8.7-p370@tutorials/gems/actionpack-2.3.5/lib/action_view/helpers/capture_helper.rb:36
/var/www/components/core_patient_registration/app/views/core_patient_registration/new.rhtml:7: warning: multiple values for a block parameter (0 for 1)
	from /home/chimwemwe/.rvm/gems/ruby-1.8.7-p370@tutorials/gems/actionpack-2.3.5/lib/action_view/helpers/capture_helper.rb:36
/var/www/components/core_patient_registration/app/views/core_patient_registration/new.rhtml:7: warning: multiple values for a block parameter (0 for 1)
	from /home/chimwemwe/.rvm/gems/ruby-1.8.7-p370@tutorials/gems/actionpack-2.3.5/lib/action_view/helpers/capture_helper.rb:36
/var/www/components/core_patient_registration/app/views/core_patient_registration/new.rhtml:7: warning: multiple values for a block parameter (0 for 1)
	from /home/chimwemwe/.rvm/gems/ruby-1.8.7-p370@tutorials/gems/actionpack-2.3.5/lib/action_view/helpers/capture_helper.rb:36
/var/www/components/core_patient_registration/app/views/core_patient_registration/new.rhtml:7: warning: multiple values for a block parameter (0 for 1)
	from /home/chimwemwe/.rvm/gems/ruby-1.8.7-p370@tutorials/gems/actionpack-2.3.5/lib/action_view/helpers/capture_helper.rb:36
/var/www/components/core_patient_registration/app/views/core_patient_registration/new.rhtml:7: warning: multiple values for a block parameter (0 for 1)
	from /home/chimwemwe/.rvm/gems/ruby-1.8.7-p370@tutorials/gems/actionpack-2.3.5/lib/action_view/helpers/capture_helper.rb:36
[ pid=22046 thr=69997917491640 file=utils.rb:176 time=2012-12-11 15:07:57.015 ]: *** Exception ArgumentError in PhusionPassenger::ClassicRails::ApplicationSpawner (wrong number of arguments (2 for 1)) (process 22046, thread #<Thread:0x7f535203a370>):
	from /var/www/components/core_patient_registration/config/routes.rb:3:in `root'
	from /var/www/components/core_patient_registration/config/routes.rb:3
	from /home/chimwemwe/.rvm/gems/ruby-1.8.7-p370@tutorials/gems/actionpack-2.3.5/lib/action_controller/routing/route_set.rb:226:in `draw'
	from /var/www/components/core_patient_registration/config/routes.rb:1
	from /home/chimwemwe/.rvm/gems/ruby-1.8.7-p370@tutorials/gems/activesupport-2.3.5/lib/active_support/dependencies.rb:147:in `load_without_new_constant_marking'
	from /home/chimwemwe/.rvm/gems/ruby-1.8.7-p370@tutorials/gems/activesupport-2.3.5/lib/active_support/dependencies.rb:147:in `load'
	from /home/chimwemwe/.rvm/gems/ruby-1.8.7-p370@tutorials/gems/actionpack-2.3.5/lib/action_controller/routing/route_set.rb:286:in `load_routes!'
	from /home/chimwemwe/.rvm/gems/ruby-1.8.7-p370@tutorials/gems/actionpack-2.3.5/lib/action_controller/routing/route_set.rb:286:in `each'
	from /home/chimwemwe/.rvm/gems/ruby-1.8.7-p370@tutorials/gems/actionpack-2.3.5/lib/action_controller/routing/route_set.rb:286:in `load_routes!'
	from /home/chimwemwe/.rvm/gems/ruby-1.8.7-p370@tutorials/gems/actionpack-2.3.5/lib/action_controller/routing/route_set.rb:266:in `reload!'
	from /home/chimwemwe/.rvm/gems/ruby-1.8.7-p370@tutorials/gems/rails-2.3.5/lib/initializer.rb:537:in `initialize_routing'
	from /home/chimwemwe/.rvm/gems/ruby-1.8.7-p370@tutorials/gems/rails-2.3.5/lib/initializer.rb:188:in `process'
	from /home/chimwemwe/.rvm/gems/ruby-1.8.7-p370@tutorials/gems/rails-2.3.5/lib/initializer.rb:113:in `send'
	from /home/chimwemwe/.rvm/gems/ruby-1.8.7-p370@tutorials/gems/rails-2.3.5/lib/initializer.rb:113:in `run'
	from /var/www/components/core_patient_registration/config/environment.rb:9
	from /home/chimwemwe/.rvm/rubies/ruby-1.8.7-p370/lib/ruby/site_ruby/1.8/rubygems/custom_require.rb:31:in `gem_original_require'
	from /home/chimwemwe/.rvm/rubies/ruby-1.8.7-p370/lib/ruby/site_ruby/1.8/rubygems/custom_require.rb:31:in `require'
	from /home/chimwemwe/.passenger/standalone/3.0.18-x86_64-ruby1.8.7-linux-gcc4.7.2-1002/support/lib/phusion_passenger/classic_rails/application_spawner.rb:222:in `preload_application'
	from /home/chimwemwe/.passenger/standalone/3.0.18-x86_64-ruby1.8.7-linux-gcc4.7.2-1002/support/lib/phusion_passenger/classic_rails/application_spawner.rb:181:in `initialize_server'
	from /home/chimwemwe/.passenger/standalone/3.0.18-x86_64-ruby1.8.7-linux-gcc4.7.2-1002/support/lib/phusion_passenger/utils.rb:563:in `report_app_init_status'
	from /home/chimwemwe/.passenger/standalone/3.0.18-x86_64-ruby1.8.7-linux-gcc4.7.2-1002/support/lib/phusion_passenger/classic_rails/application_spawner.rb:174:in `initialize_server'
	from /home/chimwemwe/.passenger/standalone/3.0.18-x86_64-ruby1.8.7-linux-gcc4.7.2-1002/support/lib/phusion_passenger/abstract_server.rb:204:in `start_synchronously'
	from /home/chimwemwe/.passenger/standalone/3.0.18-x86_64-ruby1.8.7-linux-gcc4.7.2-1002/support/lib/phusion_passenger/abstract_server.rb:180:in `start'
	from /home/chimwemwe/.passenger/standalone/3.0.18-x86_64-ruby1.8.7-linux-gcc4.7.2-1002/support/lib/phusion_passenger/classic_rails/application_spawner.rb:149:in `start'
	from /home/chimwemwe/.passenger/standalone/3.0.18-x86_64-ruby1.8.7-linux-gcc4.7.2-1002/support/lib/phusion_passenger/spawn_manager.rb:219:in `spawn_rails_application'
	from /home/chimwemwe/.passenger/standalone/3.0.18-x86_64-ruby1.8.7-linux-gcc4.7.2-1002/support/lib/phusion_passenger/abstract_server_collection.rb:132:in `lookup_or_add'
	from /home/chimwemwe/.passenger/standalone/3.0.18-x86_64-ruby1.8.7-linux-gcc4.7.2-1002/support/lib/phusion_passenger/spawn_manager.rb:214:in `spawn_rails_application'
	from /home/chimwemwe/.passenger/standalone/3.0.18-x86_64-ruby1.8.7-linux-gcc4.7.2-1002/support/lib/phusion_passenger/abstract_server_collection.rb:82:in `synchronize'
	from /home/chimwemwe/.passenger/standalone/3.0.18-x86_64-ruby1.8.7-linux-gcc4.7.2-1002/support/lib/phusion_passenger/abstract_server_collection.rb:79:in `synchronize'
	from /home/chimwemwe/.passenger/standalone/3.0.18-x86_64-ruby1.8.7-linux-gcc4.7.2-1002/support/lib/phusion_passenger/spawn_manager.rb:213:in `spawn_rails_application'
	from /home/chimwemwe/.passenger/standalone/3.0.18-x86_64-ruby1.8.7-linux-gcc4.7.2-1002/support/lib/phusion_passenger/spawn_manager.rb:132:in `spawn_application'
	from /home/chimwemwe/.passenger/standalone/3.0.18-x86_64-ruby1.8.7-linux-gcc4.7.2-1002/support/lib/phusion_passenger/spawn_manager.rb:275:in `handle_spawn_application'
	from /home/chimwemwe/.passenger/standalone/3.0.18-x86_64-ruby1.8.7-linux-gcc4.7.2-1002/support/lib/phusion_passenger/abstract_server.rb:357:in `__send__'
	from /home/chimwemwe/.passenger/standalone/3.0.18-x86_64-ruby1.8.7-linux-gcc4.7.2-1002/support/lib/phusion_passenger/abstract_server.rb:357:in `server_main_loop'
	from /home/chimwemwe/.passenger/standalone/3.0.18-x86_64-ruby1.8.7-linux-gcc4.7.2-1002/support/lib/phusion_passenger/abstract_server.rb:206:in `start_synchronously'
	from /home/chimwemwe/.passenger/standalone/3.0.18-x86_64-ruby1.8.7-linux-gcc4.7.2-1002/support/helper-scripts/passenger-spawn-server:99
/var/www/components/core_patient_registration/app/views/core_patient_registration/new.rhtml:14: warning: multiple values for a block parameter (0 for 1)
	from /home/chimwemwe/.rvm/gems/ruby-1.8.7-p370@tutorials/gems/actionpack-2.3.5/lib/action_view/helpers/capture_helper.rb:36
/var/www/components/core_patient_registration/app/views/core_patient_registration/new.rhtml:14: warning: multiple values for a block parameter (0 for 1)
	from /home/chimwemwe/.rvm/gems/ruby-1.8.7-p370@tutorials/gems/actionpack-2.3.5/lib/action_view/helpers/capture_helper.rb:36
/var/www/components/core_patient_registration/app/views/core_patient_registration/new.rhtml:14: warning: multiple values for a block parameter (0 for 1)
	from /home/chimwemwe/.rvm/gems/ruby-1.8.7-p370@tutorials/gems/actionpack-2.3.5/lib/action_view/helpers/capture_helper.rb:36
/var/www/components/core_patient_registration/app/views/core_patient_registration/new.rhtml:14: warning: multiple values for a block parameter (0 for 1)
	from /home/chimwemwe/.rvm/gems/ruby-1.8.7-p370@tutorials/gems/actionpack-2.3.5/lib/action_view/helpers/capture_helper.rb:36
/var/www/components/core_patient_registration/app/views/core_patient_registration/new.rhtml:14: warning: multiple values for a block parameter (0 for 1)
	from /home/chimwemwe/.rvm/gems/ruby-1.8.7-p370@tutorials/gems/actionpack-2.3.5/lib/action_view/helpers/capture_helper.rb:36
/var/www/components/core_patient_registration/app/views/core_patient_registration/new.rhtml:14: warning: multiple values for a block parameter (0 for 1)
	from /home/chimwemwe/.rvm/gems/ruby-1.8.7-p370@tutorials/gems/actionpack-2.3.5/lib/action_view/helpers/capture_helper.rb:36
/var/www/components/core_patient_registration/app/views/core_patient_registration/new.rhtml:14: warning: multiple values for a block parameter (0 for 1)
	from /home/chimwemwe/.rvm/gems/ruby-1.8.7-p370@tutorials/gems/actionpack-2.3.5/lib/action_view/helpers/capture_helper.rb:36
/var/www/components/core_patient_registration/app/views/core_patient_registration/new.rhtml:14: warning: multiple values for a block parameter (0 for 1)
	from /home/chimwemwe/.rvm/gems/ruby-1.8.7-p370@tutorials/gems/actionpack-2.3.5/lib/action_view/helpers/capture_helper.rb:36
/var/www/components/core_patient_registration/app/views/core_patient_registration/new.rhtml:14: warning: multiple values for a block parameter (0 for 1)
	from /home/chimwemwe/.rvm/gems/ruby-1.8.7-p370@tutorials/gems/actionpack-2.3.5/lib/action_view/helpers/capture_helper.rb:36
/var/www/components/core_patient_registration/app/views/core_patient_registration/new.rhtml:14: warning: multiple values for a block parameter (0 for 1)
	from /home/chimwemwe/.rvm/gems/ruby-1.8.7-p370@tutorials/gems/actionpack-2.3.5/lib/action_view/helpers/capture_helper.rb:36
/var/www/components/core_patient_registration/app/views/core_patient_registration/new.rhtml:14: warning: multiple values for a block parameter (0 for 1)
	from /home/chimwemwe/.rvm/gems/ruby-1.8.7-p370@tutorials/gems/actionpack-2.3.5/lib/action_view/helpers/capture_helper.rb:36
/var/www/components/core_patient_registration/app/views/core_patient_registration/new.rhtml:14: warning: multiple values for a block parameter (0 for 1)
	from /home/chimwemwe/.rvm/gems/ruby-1.8.7-p370@tutorials/gems/actionpack-2.3.5/lib/action_view/helpers/capture_helper.rb:36
/var/www/components/core_patient_registration/app/views/core_patient_registration/new.rhtml:14: warning: multiple values for a block parameter (0 for 1)
	from /home/chimwemwe/.rvm/gems/ruby-1.8.7-p370@tutorials/gems/actionpack-2.3.5/lib/action_view/helpers/capture_helper.rb:36
/var/www/components/core_patient_registration/app/views/core_patient_registration/new.rhtml:14: warning: multiple values for a block parameter (0 for 1)
	from /home/chimwemwe/.rvm/gems/ruby-1.8.7-p370@tutorials/gems/actionpack-2.3.5/lib/action_view/helpers/capture_helper.rb:36
/var/www/components/core_patient_registration/app/views/core_patient_registration/new.rhtml:14: warning: multiple values for a block parameter (0 for 1)
	from /home/chimwemwe/.rvm/gems/ruby-1.8.7-p370@tutorials/gems/actionpack-2.3.5/lib/action_view/helpers/capture_helper.rb:36
/var/www/components/core_patient_registration/app/views/core_patient_registration/new.rhtml:14: warning: multiple values for a block parameter (0 for 1)
	from /home/chimwemwe/.rvm/gems/ruby-1.8.7-p370@tutorials/gems/actionpack-2.3.5/lib/action_view/helpers/capture_helper.rb:36
/var/www/components/core_patient_registration/app/views/core_patient_registration/new.rhtml:14: warning: multiple values for a block parameter (0 for 1)
	from /home/chimwemwe/.rvm/gems/ruby-1.8.7-p370@tutorials/gems/actionpack-2.3.5/lib/action_view/helpers/capture_helper.rb:36
/var/www/components/core_patient_registration/app/views/core_patient_registration/new.rhtml:14: warning: multiple values for a block parameter (0 for 1)
	from /home/chimwemwe/.rvm/gems/ruby-1.8.7-p370@tutorials/gems/actionpack-2.3.5/lib/action_view/helpers/capture_helper.rb:36
/var/www/components/core_patient_registration/app/views/core_patient_registration/new.rhtml:14: warning: multiple values for a block parameter (0 for 1)
	from /home/chimwemwe/.rvm/gems/ruby-1.8.7-p370@tutorials/gems/actionpack-2.3.5/lib/action_view/helpers/capture_helper.rb:36
/var/www/components/core_patient_registration/app/views/core_patient_registration/new.rhtml:14: warning: multiple values for a block parameter (0 for 1)
	from /home/chimwemwe/.rvm/gems/ruby-1.8.7-p370@tutorials/gems/actionpack-2.3.5/lib/action_view/helpers/capture_helper.rb:36
/var/www/components/core_patient_registration/app/views/core_patient_registration/new.rhtml:14: warning: multiple values for a block parameter (0 for 1)
	from /home/chimwemwe/.rvm/gems/ruby-1.8.7-p370@tutorials/gems/actionpack-2.3.5/lib/action_view/helpers/capture_helper.rb:36
/var/www/components/core_patient_registration/app/views/core_patient_registration/new.rhtml:14: warning: multiple values for a block parameter (0 for 1)
	from /home/chimwemwe/.rvm/gems/ruby-1.8.7-p370@tutorials/gems/actionpack-2.3.5/lib/action_view/helpers/capture_helper.rb:36
/var/www/components/core_patient_registration/app/views/core_patient_registration/new.rhtml:14: warning: multiple values for a block parameter (0 for 1)
	from /home/chimwemwe/.rvm/gems/ruby-1.8.7-p370@tutorials/gems/actionpack-2.3.5/lib/action_view/helpers/capture_helper.rb:36
/var/www/components/core_patient_registration/app/views/core_patient_registration/new.rhtml:14: warning: multiple values for a block parameter (0 for 1)
	from /home/chimwemwe/.rvm/gems/ruby-1.8.7-p370@tutorials/gems/actionpack-2.3.5/lib/action_view/helpers/capture_helper.rb:36
/var/www/components/core_patient_registration/app/views/core_patient_registration/new.rhtml:14: warning: multiple values for a block parameter (0 for 1)
	from /home/chimwemwe/.rvm/gems/ruby-1.8.7-p370@tutorials/gems/actionpack-2.3.5/lib/action_view/helpers/capture_helper.rb:36
/var/www/components/core_patient_registration/app/views/core_patient_registration/new.rhtml:14: warning: multiple values for a block parameter (0 for 1)
	from /home/chimwemwe/.rvm/gems/ruby-1.8.7-p370@tutorials/gems/actionpack-2.3.5/lib/action_view/helpers/capture_helper.rb:36
/var/www/components/core_patient_registration/app/views/core_patient_registration/new.rhtml:14: warning: multiple values for a block parameter (0 for 1)
	from /home/chimwemwe/.rvm/gems/ruby-1.8.7-p370@tutorials/gems/actionpack-2.3.5/lib/action_view/helpers/capture_helper.rb:36
/var/www/components/core_patient_registration/app/views/core_patient_registration/new.rhtml:14: warning: multiple values for a block parameter (0 for 1)
	from /home/chimwemwe/.rvm/gems/ruby-1.8.7-p370@tutorials/gems/actionpack-2.3.5/lib/action_view/helpers/capture_helper.rb:36
/var/www/components/core_patient_registration/app/views/core_patient_registration/new.rhtml:14: warning: multiple values for a block parameter (0 for 1)
	from /home/chimwemwe/.rvm/gems/ruby-1.8.7-p370@tutorials/gems/actionpack-2.3.5/lib/action_view/helpers/capture_helper.rb:36
/var/www/components/core_patient_registration/app/views/core_patient_registration/new.rhtml:14: warning: multiple values for a block parameter (0 for 1)
	from /home/chimwemwe/.rvm/gems/ruby-1.8.7-p370@tutorials/gems/actionpack-2.3.5/lib/action_view/helpers/capture_helper.rb:36
/var/www/components/core_patient_registration/app/views/core_patient_registration/new.rhtml:14: warning: multiple values for a block parameter (0 for 1)
	from /home/chimwemwe/.rvm/gems/ruby-1.8.7-p370@tutorials/gems/actionpack-2.3.5/lib/action_view/helpers/capture_helper.rb:36
/var/www/components/core_patient_registration/app/views/core_patient_registration/new.rhtml:14: warning: multiple values for a block parameter (0 for 1)
	from /home/chimwemwe/.rvm/gems/ruby-1.8.7-p370@tutorials/gems/actionpack-2.3.5/lib/action_view/helpers/capture_helper.rb:36
/var/www/components/core_patient_registration/app/views/core_patient_registration/new.rhtml:14: warning: multiple values for a block parameter (0 for 1)
	from /home/chimwemwe/.rvm/gems/ruby-1.8.7-p370@tutorials/gems/actionpack-2.3.5/lib/action_view/helpers/capture_helper.rb:36
/var/www/components/core_patient_registration/app/views/core_patient_registration/new.rhtml:14: warning: multiple values for a block parameter (0 for 1)
	from /home/chimwemwe/.rvm/gems/ruby-1.8.7-p370@tutorials/gems/actionpack-2.3.5/lib/action_view/helpers/capture_helper.rb:36
/var/www/components/core_patient_registration/app/views/core_patient_registration/new.rhtml:14: warning: multiple values for a block parameter (0 for 1)
	from /home/chimwemwe/.rvm/gems/ruby-1.8.7-p370@tutorials/gems/actionpack-2.3.5/lib/action_view/helpers/capture_helper.rb:36
/var/www/components/core_patient_registration/app/views/core_patient_registration/new.rhtml:22: warning: multiple values for a block parameter (0 for 1)
	from /home/chimwemwe/.rvm/gems/ruby-1.8.7-p370@tutorials/gems/actionpack-2.3.5/lib/action_view/helpers/capture_helper.rb:36
/var/www/components/core_patient_registration/app/views/core_patient_registration/new.rhtml:22: warning: multiple values for a block parameter (0 for 1)
	from /home/chimwemwe/.rvm/gems/ruby-1.8.7-p370@tutorials/gems/actionpack-2.3.5/lib/action_view/helpers/capture_helper.rb:36
/var/www/components/core_patient_registration/app/views/core_patient_registration/new.rhtml:22: warning: multiple values for a block parameter (0 for 1)
	from /home/chimwemwe/.rvm/gems/ruby-1.8.7-p370@tutorials/gems/actionpack-2.3.5/lib/action_view/helpers/capture_helper.rb:36
/var/www/components/core_patient_registration/app/views/core_patient_registration/new.rhtml:22: warning: multiple values for a block parameter (0 for 1)
	from /home/chimwemwe/.rvm/gems/ruby-1.8.7-p370@tutorials/gems/actionpack-2.3.5/lib/action_view/helpers/capture_helper.rb:36
/var/www/components/core_patient_registration/app/views/core_patient_registration/new.rhtml:26: warning: multiple values for a block parameter (0 for 1)
	from /home/chimwemwe/.rvm/gems/ruby-1.8.7-p370@tutorials/gems/actionpack-2.3.5/lib/action_view/helpers/capture_helper.rb:36
/var/www/components/core_patient_registration/app/views/core_patient_registration/new.rhtml:26: warning: multiple values for a block parameter (0 for 1)
	from /home/chimwemwe/.rvm/gems/ruby-1.8.7-p370@tutorials/gems/actionpack-2.3.5/lib/action_view/helpers/capture_helper.rb:36
/var/www/components/core_patient_registration/app/views/core_patient_registration/new.rhtml:30: warning: multiple values for a block parameter (0 for 1)
	from /home/chimwemwe/.rvm/gems/ruby-1.8.7-p370@tutorials/gems/actionpack-2.3.5/lib/action_view/helpers/capture_helper.rb:36
/var/www/components/core_patient_registration/app/views/core_patient_registration/new.rhtml:30: warning: multiple values for a block parameter (0 for 1)
	from /home/chimwemwe/.rvm/gems/ruby-1.8.7-p370@tutorials/gems/actionpack-2.3.5/lib/action_view/helpers/capture_helper.rb:36
/var/www/components/core_patient_registration/app/views/core_patient_registration/new.rhtml:30: warning: multiple values for a block parameter (0 for 1)
	from /home/chimwemwe/.rvm/gems/ruby-1.8.7-p370@tutorials/gems/actionpack-2.3.5/lib/action_view/helpers/capture_helper.rb:36
/var/www/components/core_patient_registration/app/views/core_patient_registration/new.rhtml:30: warning: multiple values for a block parameter (0 for 1)
	from /home/chimwemwe/.rvm/gems/ruby-1.8.7-p370@tutorials/gems/actionpack-2.3.5/lib/action_view/helpers/capture_helper.rb:36
/var/www/components/core_patient_registration/app/views/core_patient_registration/new.rhtml:32: warning: multiple values for a block parameter (0 for 1)
	from /home/chimwemwe/.rvm/gems/ruby-1.8.7-p370@tutorials/gems/actionpack-2.3.5/lib/action_view/helpers/capture_helper.rb:36
/var/www/components/core_patient_registration/app/views/core_patient_registration/new.rhtml:32: warning: multiple values for a block parameter (0 for 1)
	from /home/chimwemwe/.rvm/gems/ruby-1.8.7-p370@tutorials/gems/actionpack-2.3.5/lib/action_view/helpers/capture_helper.rb:36
/var/www/components/core_patient_registration/app/views/core_patient_registration/new.rhtml:32: warning: multiple values for a block parameter (0 for 1)
	from /home/chimwemwe/.rvm/gems/ruby-1.8.7-p370@tutorials/gems/actionpack-2.3.5/lib/action_view/helpers/capture_helper.rb:36
/var/www/components/core_patient_registration/app/views/core_patient_registration/new.rhtml:32: warning: multiple values for a block parameter (0 for 1)
	from /home/chimwemwe/.rvm/gems/ruby-1.8.7-p370@tutorials/gems/actionpack-2.3.5/lib/action_view/helpers/capture_helper.rb:36
/var/www/components/core_patient_registration/app/views/core_patient_registration/new.rhtml:34: warning: multiple values for a block parameter (0 for 1)
	from /home/chimwemwe/.rvm/gems/ruby-1.8.7-p370@tutorials/gems/actionpack-2.3.5/lib/action_view/helpers/capture_helper.rb:36
/var/www/components/core_patient_registration/app/views/core_patient_registration/new.rhtml:34: warning: multiple values for a block parameter (0 for 1)
	from /home/chimwemwe/.rvm/gems/ruby-1.8.7-p370@tutorials/gems/actionpack-2.3.5/lib/action_view/helpers/capture_helper.rb:36
/var/www/components/core_patient_registration/app/views/core_patient_registration/new.rhtml:34: warning: multiple values for a block parameter (0 for 1)
	from /home/chimwemwe/.rvm/gems/ruby-1.8.7-p370@tutorials/gems/actionpack-2.3.5/lib/action_view/helpers/capture_helper.rb:36
/var/www/components/core_patient_registration/app/views/core_patient_registration/new.rhtml:34: warning: multiple values for a block parameter (0 for 1)
	from /home/chimwemwe/.rvm/gems/ruby-1.8.7-p370@tutorials/gems/actionpack-2.3.5/lib/action_view/helpers/capture_helper.rb:36
/var/www/components/core_patient_registration/app/views/core_patient_registration/new.rhtml:34: warning: multiple values for a block parameter (0 for 1)
	from /home/chimwemwe/.rvm/gems/ruby-1.8.7-p370@tutorials/gems/actionpack-2.3.5/lib/action_view/helpers/capture_helper.rb:36
/var/www/components/core_patient_registration/app/views/core_patient_registration/new.rhtml:34: warning: multiple values for a block parameter (0 for 1)
	from /home/chimwemwe/.rvm/gems/ruby-1.8.7-p370@tutorials/gems/actionpack-2.3.5/lib/action_view/helpers/capture_helper.rb:36
/var/www/components/core_patient_registration/app/views/core_patient_registration/new.rhtml:34: warning: multiple values for a block parameter (0 for 1)
	from /home/chimwemwe/.rvm/gems/ruby-1.8.7-p370@tutorials/gems/actionpack-2.3.5/lib/action_view/helpers/capture_helper.rb:36
/var/www/components/core_patient_registration/app/views/core_patient_registration/new.rhtml:34: warning: multiple values for a block parameter (0 for 1)
	from /home/chimwemwe/.rvm/gems/ruby-1.8.7-p370@tutorials/gems/actionpack-2.3.5/lib/action_view/helpers/capture_helper.rb:36
/var/www/components/core_patient_registration/app/views/core_patient_registration/new.rhtml:34: warning: multiple values for a block parameter (0 for 1)
	from /home/chimwemwe/.rvm/gems/ruby-1.8.7-p370@tutorials/gems/actionpack-2.3.5/lib/action_view/helpers/capture_helper.rb:36
/var/www/components/core_patient_registration/app/views/core_patient_registration/new.rhtml:34: warning: multiple values for a block parameter (0 for 1)
	from /home/chimwemwe/.rvm/gems/ruby-1.8.7-p370@tutorials/gems/actionpack-2.3.5/lib/action_view/helpers/capture_helper.rb:36
[ pid=17526 thr=140048316425984 file=ext/nginx/HelperAgent.cpp:923 time=2012-12-13 15:49:54.635 ]: Couldn't forward the HTTP response back to the HTTP client: It seems the user clicked on the 'Stop' button in his browser.
/var/www/components/core_patient_registration/app/views/core_patient_registration/edit_demographics.rhtml:34: warning: multiple values for a block parameter (0 for 1)
	from /home/chimwemwe/.rvm/gems/ruby-1.8.7-p370@tutorials/gems/actionpack-2.3.5/lib/action_view/helpers/capture_helper.rb:36
/var/www/components/core_patient_registration/app/views/core_patient_registration/edit_demographics.rhtml:34: warning: multiple values for a block parameter (0 for 1)
	from /home/chimwemwe/.rvm/gems/ruby-1.8.7-p370@tutorials/gems/actionpack-2.3.5/lib/action_view/helpers/capture_helper.rb:36
/var/www/components/core_patient_registration/app/views/core_patient_registration/edit_demographics.rhtml:34: warning: multiple values for a block parameter (0 for 1)
	from /home/chimwemwe/.rvm/gems/ruby-1.8.7-p370@tutorials/gems/actionpack-2.3.5/lib/action_view/helpers/capture_helper.rb:36
/var/www/components/core_patient_registration/app/views/core_patient_registration/edit_demographics.rhtml:34: warning: multiple values for a block parameter (0 for 1)
	from /home/chimwemwe/.rvm/gems/ruby-1.8.7-p370@tutorials/gems/actionpack-2.3.5/lib/action_view/helpers/capture_helper.rb:36
/var/www/components/core_patient_registration/app/views/core_patient_registration/edit_demographics.rhtml:34: warning: multiple values for a block parameter (0 for 1)
	from /home/chimwemwe/.rvm/gems/ruby-1.8.7-p370@tutorials/gems/actionpack-2.3.5/lib/action_view/helpers/capture_helper.rb:36
/var/www/components/core_patient_registration/app/views/core_patient_registration/edit_demographics.rhtml:34: warning: multiple values for a block parameter (0 for 1)
	from /home/chimwemwe/.rvm/gems/ruby-1.8.7-p370@tutorials/gems/actionpack-2.3.5/lib/action_view/helpers/capture_helper.rb:36
/var/www/components/core_patient_registration/app/views/core_patient_registration/edit_demographics.rhtml:34: warning: multiple values for a block parameter (0 for 1)
	from /home/chimwemwe/.rvm/gems/ruby-1.8.7-p370@tutorials/gems/actionpack-2.3.5/lib/action_view/helpers/capture_helper.rb:36
/var/www/components/core_patient_registration/app/views/core_patient_registration/edit_demographics.rhtml:34: warning: multiple values for a block parameter (0 for 1)
	from /home/chimwemwe/.rvm/gems/ruby-1.8.7-p370@tutorials/gems/actionpack-2.3.5/lib/action_view/helpers/capture_helper.rb:36
[ pid=17526 thr=140048315623168 file=ext/nginx/HelperAgent.cpp:923 time=2012-12-13 16:07:24.190 ]: Couldn't forward the HTTP response back to the HTTP client: It seems the user clicked on the 'Stop' button in his browser.
/var/www/components/core_patient_registration/app/views/core_patient_registration/edit_demographics.rhtml:34: warning: multiple values for a block parameter (0 for 1)
	from /home/chimwemwe/.rvm/gems/ruby-1.8.7-p370@tutorials/gems/actionpack-2.3.5/lib/action_view/helpers/capture_helper.rb:36
/var/www/components/core_patient_registration/app/views/core_patient_registration/edit_demographics.rhtml:34: warning: multiple values for a block parameter (0 for 1)
	from /home/chimwemwe/.rvm/gems/ruby-1.8.7-p370@tutorials/gems/actionpack-2.3.5/lib/action_view/helpers/capture_helper.rb:36
/var/www/components/core_patient_registration/app/views/core_patient_registration/edit_demographics.rhtml:34: warning: multiple values for a block parameter (0 for 1)
	from /home/chimwemwe/.rvm/gems/ruby-1.8.7-p370@tutorials/gems/actionpack-2.3.5/lib/action_view/helpers/capture_helper.rb:36
/var/www/components/core_patient_registration/app/views/core_patient_registration/edit_demographics.rhtml:34: warning: multiple values for a block parameter (0 for 1)
	from /home/chimwemwe/.rvm/gems/ruby-1.8.7-p370@tutorials/gems/actionpack-2.3.5/lib/action_view/helpers/capture_helper.rb:36
/var/www/components/core_patient_registration/app/views/core_patient_registration/edit_demographics.rhtml:34: warning: multiple values for a block parameter (0 for 1)
	from /home/chimwemwe/.rvm/gems/ruby-1.8.7-p370@tutorials/gems/actionpack-2.3.5/lib/action_view/helpers/capture_helper.rb:36
/var/www/components/core_patient_registration/app/views/core_patient_registration/edit_demographics.rhtml:34: warning: multiple values for a block parameter (0 for 1)
	from /home/chimwemwe/.rvm/gems/ruby-1.8.7-p370@tutorials/gems/actionpack-2.3.5/lib/action_view/helpers/capture_helper.rb:36
/var/www/components/core_patient_registration/app/views/core_patient_registration/edit_demographics.rhtml:34: warning: multiple values for a block parameter (0 for 1)
	from /home/chimwemwe/.rvm/gems/ruby-1.8.7-p370@tutorials/gems/actionpack-2.3.5/lib/action_view/helpers/capture_helper.rb:36
/var/www/components/core_patient_registration/app/views/core_patient_registration/edit_demographics.rhtml:34: warning: multiple values for a block parameter (0 for 1)
	from /home/chimwemwe/.rvm/gems/ruby-1.8.7-p370@tutorials/gems/actionpack-2.3.5/lib/action_view/helpers/capture_helper.rb:36
/var/www/components/core_patient_registration/app/views/core_patient_registration/edit_demographics.rhtml:34: warning: multiple values for a block parameter (0 for 1)
	from /home/chimwemwe/.rvm/gems/ruby-1.8.7-p370@tutorials/gems/actionpack-2.3.5/lib/action_view/helpers/capture_helper.rb:36
/var/www/components/core_patient_registration/app/views/core_patient_registration/edit_demographics.rhtml:34: warning: multiple values for a block parameter (0 for 1)
	from /home/chimwemwe/.rvm/gems/ruby-1.8.7-p370@tutorials/gems/actionpack-2.3.5/lib/action_view/helpers/capture_helper.rb:36
/var/www/components/core_patient_registration/app/views/core_patient_registration/edit_demographics.rhtml:34: warning: multiple values for a block parameter (0 for 1)
	from /home/chimwemwe/.rvm/gems/ruby-1.8.7-p370@tutorials/gems/actionpack-2.3.5/lib/action_view/helpers/capture_helper.rb:36
/var/www/components/core_patient_registration/app/views/core_patient_registration/edit_demographics.rhtml:34: warning: multiple values for a block parameter (0 for 1)
	from /home/chimwemwe/.rvm/gems/ruby-1.8.7-p370@tutorials/gems/actionpack-2.3.5/lib/action_view/helpers/capture_helper.rb:36
/var/www/components/core_patient_registration/app/views/core_patient_registration/edit_demographics.rhtml:34: warning: multiple values for a block parameter (0 for 1)
	from /home/chimwemwe/.rvm/gems/ruby-1.8.7-p370@tutorials/gems/actionpack-2.3.5/lib/action_view/helpers/capture_helper.rb:36
/var/www/components/core_patient_registration/app/views/core_patient_registration/edit_demographics.rhtml:34: warning: multiple values for a block parameter (0 for 1)
	from /home/chimwemwe/.rvm/gems/ruby-1.8.7-p370@tutorials/gems/actionpack-2.3.5/lib/action_view/helpers/capture_helper.rb:36
/var/www/components/core_patient_registration/app/views/core_patient_registration/edit_demographics.rhtml:34: warning: multiple values for a block parameter (0 for 1)
	from /home/chimwemwe/.rvm/gems/ruby-1.8.7-p370@tutorials/gems/actionpack-2.3.5/lib/action_view/helpers/capture_helper.rb:36
/var/www/components/core_patient_registration/app/views/core_patient_registration/edit_demographics.rhtml:34: warning: multiple values for a block parameter (0 for 1)
	from /home/chimwemwe/.rvm/gems/ruby-1.8.7-p370@tutorials/gems/actionpack-2.3.5/lib/action_view/helpers/capture_helper.rb:36
/var/www/components/core_patient_registration/app/views/core_patient_registration/edit_demographics.rhtml:34: warning: multiple values for a block parameter (0 for 1)
	from /home/chimwemwe/.rvm/gems/ruby-1.8.7-p370@tutorials/gems/actionpack-2.3.5/lib/action_view/helpers/capture_helper.rb:36
/var/www/components/core_patient_registration/app/views/core_patient_registration/edit_demographics.rhtml:34: warning: multiple values for a block parameter (0 for 1)
	from /home/chimwemwe/.rvm/gems/ruby-1.8.7-p370@tutorials/gems/actionpack-2.3.5/lib/action_view/helpers/capture_helper.rb:36
/var/www/components/core_patient_registration/app/views/core_patient_registration/edit_demographics.rhtml:34: warning: multiple values for a block parameter (0 for 1)
	from /home/chimwemwe/.rvm/gems/ruby-1.8.7-p370@tutorials/gems/actionpack-2.3.5/lib/action_view/helpers/capture_helper.rb:36
/var/www/components/core_patient_registration/app/views/core_patient_registration/edit_demographics.rhtml:34: warning: multiple values for a block parameter (0 for 1)
	from /home/chimwemwe/.rvm/gems/ruby-1.8.7-p370@tutorials/gems/actionpack-2.3.5/lib/action_view/helpers/capture_helper.rb:36
/var/www/components/core_patient_registration/app/views/core_patient_registration/edit_demographics.rhtml:34: warning: multiple values for a block parameter (0 for 1)
	from /home/chimwemwe/.rvm/gems/ruby-1.8.7-p370@tutorials/gems/actionpack-2.3.5/lib/action_view/helpers/capture_helper.rb:36
/var/www/components/core_patient_registration/app/views/core_patient_registration/edit_demographics.rhtml:34: warning: multiple values for a block parameter (0 for 1)
	from /home/chimwemwe/.rvm/gems/ruby-1.8.7-p370@tutorials/gems/actionpack-2.3.5/lib/action_view/helpers/capture_helper.rb:36
/var/www/components/core_patient_registration/app/views/core_patient_registration/edit_demographics.rhtml:34: warning: multiple values for a block parameter (0 for 1)
	from /home/chimwemwe/.rvm/gems/ruby-1.8.7-p370@tutorials/gems/actionpack-2.3.5/lib/action_view/helpers/capture_helper.rb:36
/var/www/components/core_patient_registration/app/views/core_patient_registration/edit_demographics.rhtml:34: warning: multiple values for a block parameter (0 for 1)
	from /home/chimwemwe/.rvm/gems/ruby-1.8.7-p370@tutorials/gems/actionpack-2.3.5/lib/action_view/helpers/capture_helper.rb:36
/var/www/components/core_patient_registration/app/views/core_patient_registration/edit_demographics.rhtml:34: warning: multiple values for a block parameter (0 for 1)
	from /home/chimwemwe/.rvm/gems/ruby-1.8.7-p370@tutorials/gems/actionpack-2.3.5/lib/action_view/helpers/capture_helper.rb:36
/var/www/components/core_patient_registration/app/views/core_patient_registration/edit_demographics.rhtml:34: warning: multiple values for a block parameter (0 for 1)
	from /home/chimwemwe/.rvm/gems/ruby-1.8.7-p370@tutorials/gems/actionpack-2.3.5/lib/action_view/helpers/capture_helper.rb:36
/var/www/components/core_patient_registration/app/views/core_patient_registration/edit_demographics.rhtml:34: warning: multiple values for a block parameter (0 for 1)
	from /home/chimwemwe/.rvm/gems/ruby-1.8.7-p370@tutorials/gems/actionpack-2.3.5/lib/action_view/helpers/capture_helper.rb:36
/var/www/components/core_patient_registration/app/views/core_patient_registration/edit_demographics.rhtml:34: warning: multiple values for a block parameter (0 for 1)
	from /home/chimwemwe/.rvm/gems/ruby-1.8.7-p370@tutorials/gems/actionpack-2.3.5/lib/action_view/helpers/capture_helper.rb:36
/var/www/components/core_patient_registration/app/views/core_patient_registration/edit_demographics.rhtml:34: warning: multiple values for a block parameter (0 for 1)
	from /home/chimwemwe/.rvm/gems/ruby-1.8.7-p370@tutorials/gems/actionpack-2.3.5/lib/action_view/helpers/capture_helper.rb:36
/var/www/components/core_patient_registration/app/views/core_patient_registration/edit_demographics.rhtml:34: warning: multiple values for a block parameter (0 for 1)
	from /home/chimwemwe/.rvm/gems/ruby-1.8.7-p370@tutorials/gems/actionpack-2.3.5/lib/action_view/helpers/capture_helper.rb:36
/var/www/components/core_patient_registration/app/views/core_patient_registration/new.rhtml:34: warning: multiple values for a block parameter (0 for 1)
	from /home/chimwemwe/.rvm/gems/ruby-1.8.7-p370@tutorials/gems/actionpack-2.3.5/lib/action_view/helpers/capture_helper.rb:36
/var/www/components/core_patient_registration/app/views/core_patient_registration/new.rhtml:34: warning: multiple values for a block parameter (0 for 1)
	from /home/chimwemwe/.rvm/gems/ruby-1.8.7-p370@tutorials/gems/actionpack-2.3.5/lib/action_view/helpers/capture_helper.rb:36
/var/www/components/core_patient_registration/app/views/core_patient_registration/edit_demographics.rhtml:34: warning: multiple values for a block parameter (0 for 1)
	from /home/chimwemwe/.rvm/gems/ruby-1.8.7-p370@tutorials/gems/actionpack-2.3.5/lib/action_view/helpers/capture_helper.rb:36
/var/www/components/core_patient_registration/app/views/core_patient_registration/edit_demographics.rhtml:34: warning: multiple values for a block parameter (0 for 1)
	from /home/chimwemwe/.rvm/gems/ruby-1.8.7-p370@tutorials/gems/actionpack-2.3.5/lib/action_view/helpers/capture_helper.rb:36
/var/www/components/core_patient_registration/app/views/core_patient_registration/edit_demographics.rhtml:34: warning: multiple values for a block parameter (0 for 1)
	from /home/chimwemwe/.rvm/gems/ruby-1.8.7-p370@tutorials/gems/actionpack-2.3.5/lib/action_view/helpers/capture_helper.rb:36
/var/www/components/core_patient_registration/app/views/core_patient_registration/edit_demographics.rhtml:34: warning: multiple values for a block parameter (0 for 1)
	from /home/chimwemwe/.rvm/gems/ruby-1.8.7-p370@tutorials/gems/actionpack-2.3.5/lib/action_view/helpers/capture_helper.rb:36
/var/www/components/core_patient_registration/app/views/core_patient_registration/edit_demographics.rhtml:34: warning: multiple values for a block parameter (0 for 1)
	from /home/chimwemwe/.rvm/gems/ruby-1.8.7-p370@tutorials/gems/actionpack-2.3.5/lib/action_view/helpers/capture_helper.rb:36
/var/www/components/core_patient_registration/app/views/core_patient_registration/edit_demographics.rhtml:34: warning: multiple values for a block parameter (0 for 1)
	from /home/chimwemwe/.rvm/gems/ruby-1.8.7-p370@tutorials/gems/actionpack-2.3.5/lib/action_view/helpers/capture_helper.rb:36
/var/www/components/core_patient_registration/app/views/core_patient_registration/edit_demographics.rhtml:34: warning: multiple values for a block parameter (0 for 1)
	from /home/chimwemwe/.rvm/gems/ruby-1.8.7-p370@tutorials/gems/actionpack-2.3.5/lib/action_view/helpers/capture_helper.rb:36
/var/www/components/core_patient_registration/app/views/core_patient_registration/edit_demographics.rhtml:34: warning: multiple values for a block parameter (0 for 1)
	from /home/chimwemwe/.rvm/gems/ruby-1.8.7-p370@tutorials/gems/actionpack-2.3.5/lib/action_view/helpers/capture_helper.rb:36
/var/www/components/core_patient_registration/app/views/core_patient_registration/edit_demographics.rhtml:34: warning: multiple values for a block parameter (0 for 1)
	from /home/chimwemwe/.rvm/gems/ruby-1.8.7-p370@tutorials/gems/actionpack-2.3.5/lib/action_view/helpers/capture_helper.rb:36
/var/www/components/core_patient_registration/app/views/core_patient_registration/edit_demographics.rhtml:34: warning: multiple values for a block parameter (0 for 1)
	from /home/chimwemwe/.rvm/gems/ruby-1.8.7-p370@tutorials/gems/actionpack-2.3.5/lib/action_view/helpers/capture_helper.rb:36
/var/www/components/core_patient_registration/app/views/core_patient_registration/edit_demographics.rhtml:34: warning: multiple values for a block parameter (0 for 1)
	from /home/chimwemwe/.rvm/gems/ruby-1.8.7-p370@tutorials/gems/actionpack-2.3.5/lib/action_view/helpers/capture_helper.rb:36
[ pid=7583 thr=70250195132860 file=utils.rb:176 time=2012-12-14 11:22:07.247 ]: *** Exception Gem::LoadError in PhusionPassenger::ClassicRails::ApplicationSpawner (can't activate rest-client (= 1.6.3, runtime) for [], already activated rest-client-1.6.7 for []) (process 7583, thread #<Thread:0x7fc8cbda4378>):
	from /home/chimwemwe/.rvm/rubies/ruby-1.8.7-p370/lib/ruby/site_ruby/1.8/rubygems.rb:233:in `activate'
	from /home/chimwemwe/.rvm/rubies/ruby-1.8.7-p370/lib/ruby/site_ruby/1.8/rubygems.rb:1082:in `gem'
	from /var/www/components/core_patient_registration/config/environment.rb:45
	from /home/chimwemwe/.rvm/rubies/ruby-1.8.7-p370/lib/ruby/site_ruby/1.8/rubygems/custom_require.rb:31:in `gem_original_require'
	from /home/chimwemwe/.rvm/rubies/ruby-1.8.7-p370/lib/ruby/site_ruby/1.8/rubygems/custom_require.rb:31:in `require'
	from /home/chimwemwe/.passenger/standalone/3.0.18-x86_64-ruby1.8.7-linux-gcc4.7.2-1002/support/lib/phusion_passenger/classic_rails/application_spawner.rb:222:in `preload_application'
	from /home/chimwemwe/.passenger/standalone/3.0.18-x86_64-ruby1.8.7-linux-gcc4.7.2-1002/support/lib/phusion_passenger/classic_rails/application_spawner.rb:181:in `initialize_server'
	from /home/chimwemwe/.passenger/standalone/3.0.18-x86_64-ruby1.8.7-linux-gcc4.7.2-1002/support/lib/phusion_passenger/utils.rb:563:in `report_app_init_status'
	from /home/chimwemwe/.passenger/standalone/3.0.18-x86_64-ruby1.8.7-linux-gcc4.7.2-1002/support/lib/phusion_passenger/classic_rails/application_spawner.rb:174:in `initialize_server'
	from /home/chimwemwe/.passenger/standalone/3.0.18-x86_64-ruby1.8.7-linux-gcc4.7.2-1002/support/lib/phusion_passenger/abstract_server.rb:204:in `start_synchronously'
	from /home/chimwemwe/.passenger/standalone/3.0.18-x86_64-ruby1.8.7-linux-gcc4.7.2-1002/support/lib/phusion_passenger/abstract_server.rb:180:in `start'
	from /home/chimwemwe/.passenger/standalone/3.0.18-x86_64-ruby1.8.7-linux-gcc4.7.2-1002/support/lib/phusion_passenger/classic_rails/application_spawner.rb:149:in `start'
	from /home/chimwemwe/.passenger/standalone/3.0.18-x86_64-ruby1.8.7-linux-gcc4.7.2-1002/support/lib/phusion_passenger/spawn_manager.rb:219:in `spawn_rails_application'
	from /home/chimwemwe/.passenger/standalone/3.0.18-x86_64-ruby1.8.7-linux-gcc4.7.2-1002/support/lib/phusion_passenger/abstract_server_collection.rb:132:in `lookup_or_add'
	from /home/chimwemwe/.passenger/standalone/3.0.18-x86_64-ruby1.8.7-linux-gcc4.7.2-1002/support/lib/phusion_passenger/spawn_manager.rb:214:in `spawn_rails_application'
	from /home/chimwemwe/.passenger/standalone/3.0.18-x86_64-ruby1.8.7-linux-gcc4.7.2-1002/support/lib/phusion_passenger/abstract_server_collection.rb:82:in `synchronize'
	from /home/chimwemwe/.passenger/standalone/3.0.18-x86_64-ruby1.8.7-linux-gcc4.7.2-1002/support/lib/phusion_passenger/abstract_server_collection.rb:79:in `synchronize'
	from /home/chimwemwe/.passenger/standalone/3.0.18-x86_64-ruby1.8.7-linux-gcc4.7.2-1002/support/lib/phusion_passenger/spawn_manager.rb:213:in `spawn_rails_application'
	from /home/chimwemwe/.passenger/standalone/3.0.18-x86_64-ruby1.8.7-linux-gcc4.7.2-1002/support/lib/phusion_passenger/spawn_manager.rb:132:in `spawn_application'
	from /home/chimwemwe/.passenger/standalone/3.0.18-x86_64-ruby1.8.7-linux-gcc4.7.2-1002/support/lib/phusion_passenger/spawn_manager.rb:275:in `handle_spawn_application'
	from /home/chimwemwe/.passenger/standalone/3.0.18-x86_64-ruby1.8.7-linux-gcc4.7.2-1002/support/lib/phusion_passenger/abstract_server.rb:357:in `__send__'
	from /home/chimwemwe/.passenger/standalone/3.0.18-x86_64-ruby1.8.7-linux-gcc4.7.2-1002/support/lib/phusion_passenger/abstract_server.rb:357:in `server_main_loop'
	from /home/chimwemwe/.passenger/standalone/3.0.18-x86_64-ruby1.8.7-linux-gcc4.7.2-1002/support/lib/phusion_passenger/abstract_server.rb:206:in `start_synchronously'
	from /home/chimwemwe/.passenger/standalone/3.0.18-x86_64-ruby1.8.7-linux-gcc4.7.2-1002/support/helper-scripts/passenger-spawn-server:99
/var/www/components/core_patient_registration/app/views/core_patient_registration/edit_demographics.rhtml:34: warning: multiple values for a block parameter (0 for 1)
	from /home/chimwemwe/.rvm/gems/ruby-1.8.7-p370@tutorials/gems/actionpack-2.3.5/lib/action_view/helpers/capture_helper.rb:36
/var/www/components/core_patient_registration/app/views/core_patient_registration/edit_demographics.rhtml:34: warning: multiple values for a block parameter (0 for 1)
	from /home/chimwemwe/.rvm/gems/ruby-1.8.7-p370@tutorials/gems/actionpack-2.3.5/lib/action_view/helpers/capture_helper.rb:36
/var/www/components/core_patient_registration/app/views/core_patient_registration/edit_demographics.rhtml:34: warning: multiple values for a block parameter (0 for 1)
	from /home/chimwemwe/.rvm/gems/ruby-1.8.7-p370@tutorials/gems/actionpack-2.3.5/lib/action_view/helpers/capture_helper.rb:36
/var/www/components/core_patient_registration/app/views/core_patient_registration/edit_demographics.rhtml:34: warning: multiple values for a block parameter (0 for 1)
	from /home/chimwemwe/.rvm/gems/ruby-1.8.7-p370@tutorials/gems/actionpack-2.3.5/lib/action_view/helpers/capture_helper.rb:36
/var/www/components/core_patient_registration/app/views/core_patient_registration/edit_demographics.rhtml:34: warning: multiple values for a block parameter (0 for 1)
	from /home/chimwemwe/.rvm/gems/ruby-1.8.7-p370@tutorials/gems/actionpack-2.3.5/lib/action_view/helpers/capture_helper.rb:36
