

Processing CorePatientRegistrationController#create (for 127.0.0.1 at 2012-12-10 14:42:51) [POST]
  Parameters: {"GENDER"=>"Female", "FIRST NAME"=>"Test", "LAST NAME"=>"Patient"}

RuntimeError (--- !map:HashWithIndifferentAccess 
controller: core_patient_registration
GENDER: Female
action: create
FIRST NAME: Test
LAST NAME: Patient
):
  app/controllers/core_patient_registration_controller.rb:47:in `create'
  /home/chimwemwe/.rvm/rubies/ruby-1.8.7-p370/lib/ruby/1.8/webrick/httpserver.rb:104:in `service'
  /home/chimwemwe/.rvm/rubies/ruby-1.8.7-p370/lib/ruby/1.8/webrick/httpserver.rb:65:in `run'
  /home/chimwemwe/.rvm/rubies/ruby-1.8.7-p370/lib/ruby/1.8/webrick/server.rb:173:in `start_thread'
  /home/chimwemwe/.rvm/rubies/ruby-1.8.7-p370/lib/ruby/1.8/webrick/server.rb:162:in `start'
  /home/chimwemwe/.rvm/rubies/ruby-1.8.7-p370/lib/ruby/1.8/webrick/server.rb:162:in `start_thread'
  /home/chimwemwe/.rvm/rubies/ruby-1.8.7-p370/lib/ruby/1.8/webrick/server.rb:95:in `start'
  /home/chimwemwe/.rvm/rubies/ruby-1.8.7-p370/lib/ruby/1.8/webrick/server.rb:92:in `each'
  /home/chimwemwe/.rvm/rubies/ruby-1.8.7-p370/lib/ruby/1.8/webrick/server.rb:92:in `start'
  /home/chimwemwe/.rvm/rubies/ruby-1.8.7-p370/lib/ruby/1.8/webrick/server.rb:23:in `start'
  /home/chimwemwe/.rvm/rubies/ruby-1.8.7-p370/lib/ruby/1.8/webrick/server.rb:82:in `start'

Rendering rescues/layout (internal_server_error)


Processing CorePatientRegistrationController#new (for 127.0.0.1 at 2012-12-10 15:36:12) [POST]
  Parameters: {"LAST NAME"=>"G", "GENDER"=>"Female", "YEAR OF BIRTH"=>"P", "FIRST NAME"=>"F"}
Rendering template within layouts/application
Rendering core_patient_registration/new
Completed in 8ms (View: 7, DB: 0) | 200 OK [http://localhost/new_patient]


Processing ApplicationController#index (for 127.0.0.1 at 2012-12-10 15:36:12) [GET]

ActionController::RoutingError (No route matches "/javascripts/dateselector.js" with {:method=>:get}):
  /home/chimwemwe/.rvm/rubies/ruby-1.8.7-p370/lib/ruby/1.8/webrick/httpserver.rb:104:in `service'
  /home/chimwemwe/.rvm/rubies/ruby-1.8.7-p370/lib/ruby/1.8/webrick/httpserver.rb:65:in `run'
  /home/chimwemwe/.rvm/rubies/ruby-1.8.7-p370/lib/ruby/1.8/webrick/server.rb:173:in `start_thread'
  /home/chimwemwe/.rvm/rubies/ruby-1.8.7-p370/lib/ruby/1.8/webrick/server.rb:162:in `start'
  /home/chimwemwe/.rvm/rubies/ruby-1.8.7-p370/lib/ruby/1.8/webrick/server.rb:162:in `start_thread'
  /home/chimwemwe/.rvm/rubies/ruby-1.8.7-p370/lib/ruby/1.8/webrick/server.rb:95:in `start'
  /home/chimwemwe/.rvm/rubies/ruby-1.8.7-p370/lib/ruby/1.8/webrick/server.rb:92:in `each'
  /home/chimwemwe/.rvm/rubies/ruby-1.8.7-p370/lib/ruby/1.8/webrick/server.rb:92:in `start'
  /home/chimwemwe/.rvm/rubies/ruby-1.8.7-p370/lib/ruby/1.8/webrick/server.rb:23:in `start'
  /home/chimwemwe/.rvm/rubies/ruby-1.8.7-p370/lib/ruby/1.8/webrick/server.rb:82:in `start'

Rendering rescues/layout (not_found)


Processing CorePatientRegistrationController#new (for 127.0.0.1 at 2012-12-10 15:37:40) [POST]
  Parameters: {"LAST NAME"=>"G", "GENDER"=>"Female", "YEAR OF BIRTH"=>"P", "FIRST NAME"=>"F"}
Rendering template within layouts/application
Rendering core_patient_registration/new
Completed in 6ms (View: 6, DB: 0) | 200 OK [http://localhost/new_patient]


Processing ApplicationController#index (for 127.0.0.1 at 2012-12-10 15:37:41) [GET]

ActionController::RoutingError (No route matches "/javascripts/dateselector.js" with {:method=>:get}):
  /home/chimwemwe/.rvm/rubies/ruby-1.8.7-p370/lib/ruby/1.8/webrick/httpserver.rb:104:in `service'
  /home/chimwemwe/.rvm/rubies/ruby-1.8.7-p370/lib/ruby/1.8/webrick/httpserver.rb:65:in `run'
  /home/chimwemwe/.rvm/rubies/ruby-1.8.7-p370/lib/ruby/1.8/webrick/server.rb:173:in `start_thread'
  /home/chimwemwe/.rvm/rubies/ruby-1.8.7-p370/lib/ruby/1.8/webrick/server.rb:162:in `start'
  /home/chimwemwe/.rvm/rubies/ruby-1.8.7-p370/lib/ruby/1.8/webrick/server.rb:162:in `start_thread'
  /home/chimwemwe/.rvm/rubies/ruby-1.8.7-p370/lib/ruby/1.8/webrick/server.rb:95:in `start'
  /home/chimwemwe/.rvm/rubies/ruby-1.8.7-p370/lib/ruby/1.8/webrick/server.rb:92:in `each'
  /home/chimwemwe/.rvm/rubies/ruby-1.8.7-p370/lib/ruby/1.8/webrick/server.rb:92:in `start'
  /home/chimwemwe/.rvm/rubies/ruby-1.8.7-p370/lib/ruby/1.8/webrick/server.rb:23:in `start'
  /home/chimwemwe/.rvm/rubies/ruby-1.8.7-p370/lib/ruby/1.8/webrick/server.rb:82:in `start'

Rendering rescues/layout (not_found)


Processing CorePatientRegistrationController#new (for 127.0.0.1 at 2012-12-10 15:37:54) [POST]
  Parameters: {"GENDER"=>"Female", "LAST NAME"=>"G", "YEAR OF BIRTH"=>"P", "FIRST NAME"=>"F"}
Rendering template within layouts/application
Rendering core_patient_registration/new
Completed in 9ms (View: 8, DB: 0) | 200 OK [http://localhost/new_patient]


Processing ApplicationController#index (for 127.0.0.1 at 2012-12-10 15:37:54) [GET]

ActionController::RoutingError (No route matches "/javascripts/dateselector.js" with {:method=>:get}):
  /home/chimwemwe/.rvm/rubies/ruby-1.8.7-p370/lib/ruby/1.8/webrick/httpserver.rb:104:in `service'
  /home/chimwemwe/.rvm/rubies/ruby-1.8.7-p370/lib/ruby/1.8/webrick/httpserver.rb:65:in `run'
  /home/chimwemwe/.rvm/rubies/ruby-1.8.7-p370/lib/ruby/1.8/webrick/server.rb:173:in `start_thread'
  /home/chimwemwe/.rvm/rubies/ruby-1.8.7-p370/lib/ruby/1.8/webrick/server.rb:162:in `start'
  /home/chimwemwe/.rvm/rubies/ruby-1.8.7-p370/lib/ruby/1.8/webrick/server.rb:162:in `start_thread'
  /home/chimwemwe/.rvm/rubies/ruby-1.8.7-p370/lib/ruby/1.8/webrick/server.rb:95:in `start'
  /home/chimwemwe/.rvm/rubies/ruby-1.8.7-p370/lib/ruby/1.8/webrick/server.rb:92:in `each'
  /home/chimwemwe/.rvm/rubies/ruby-1.8.7-p370/lib/ruby/1.8/webrick/server.rb:92:in `start'
  /home/chimwemwe/.rvm/rubies/ruby-1.8.7-p370/lib/ruby/1.8/webrick/server.rb:23:in `start'
  /home/chimwemwe/.rvm/rubies/ruby-1.8.7-p370/lib/ruby/1.8/webrick/server.rb:82:in `start'

Rendering rescues/layout (not_found)


Processing CorePatientRegistrationController#new (for 127.0.0.1 at 2012-12-10 15:38:24) [GET]
  Parameters: {"show_age"=>"true", "show_middle_name"=>"false"}
Rendering template within layouts/application
Rendering core_patient_registration/new
Completed in 9ms (View: 9, DB: 0) | 200 OK [http://localhost/new_patient?show_middle_name=false&show_age=true]


Processing ApplicationController#index (for 127.0.0.1 at 2012-12-10 15:38:24) [GET]

ActionController::RoutingError (No route matches "/javascripts/dateselector.js" with {:method=>:get}):
  /home/chimwemwe/.rvm/rubies/ruby-1.8.7-p370/lib/ruby/1.8/webrick/httpserver.rb:104:in `service'
  /home/chimwemwe/.rvm/rubies/ruby-1.8.7-p370/lib/ruby/1.8/webrick/httpserver.rb:65:in `run'
  /home/chimwemwe/.rvm/rubies/ruby-1.8.7-p370/lib/ruby/1.8/webrick/server.rb:173:in `start_thread'
  /home/chimwemwe/.rvm/rubies/ruby-1.8.7-p370/lib/ruby/1.8/webrick/server.rb:162:in `start'
  /home/chimwemwe/.rvm/rubies/ruby-1.8.7-p370/lib/ruby/1.8/webrick/server.rb:162:in `start_thread'
  /home/chimwemwe/.rvm/rubies/ruby-1.8.7-p370/lib/ruby/1.8/webrick/server.rb:95:in `start'
  /home/chimwemwe/.rvm/rubies/ruby-1.8.7-p370/lib/ruby/1.8/webrick/server.rb:92:in `each'
  /home/chimwemwe/.rvm/rubies/ruby-1.8.7-p370/lib/ruby/1.8/webrick/server.rb:92:in `start'
  /home/chimwemwe/.rvm/rubies/ruby-1.8.7-p370/lib/ruby/1.8/webrick/server.rb:23:in `start'
  /home/chimwemwe/.rvm/rubies/ruby-1.8.7-p370/lib/ruby/1.8/webrick/server.rb:82:in `start'

Rendering rescues/layout (not_found)


Processing CorePatientRegistrationController#new (for 127.0.0.1 at 2012-12-10 15:41:40) [GET]
  Parameters: {"show_age"=>"true", "show_middle_name"=>"false"}
Rendering template within layouts/application
Rendering core_patient_registration/new
Completed in 5ms (View: 4, DB: 0) | 200 OK [http://localhost/new_patient?show_middle_name=false&show_age=true]


Processing ApplicationController#index (for 127.0.0.1 at 2012-12-10 15:41:40) [GET]

ActionController::RoutingError (No route matches "/javascripts/dateselector.js" with {:method=>:get}):
  /home/chimwemwe/.rvm/rubies/ruby-1.8.7-p370/lib/ruby/1.8/webrick/httpserver.rb:104:in `service'
  /home/chimwemwe/.rvm/rubies/ruby-1.8.7-p370/lib/ruby/1.8/webrick/httpserver.rb:65:in `run'
  /home/chimwemwe/.rvm/rubies/ruby-1.8.7-p370/lib/ruby/1.8/webrick/server.rb:173:in `start_thread'
  /home/chimwemwe/.rvm/rubies/ruby-1.8.7-p370/lib/ruby/1.8/webrick/server.rb:162:in `start'
  /home/chimwemwe/.rvm/rubies/ruby-1.8.7-p370/lib/ruby/1.8/webrick/server.rb:162:in `start_thread'
  /home/chimwemwe/.rvm/rubies/ruby-1.8.7-p370/lib/ruby/1.8/webrick/server.rb:95:in `start'
  /home/chimwemwe/.rvm/rubies/ruby-1.8.7-p370/lib/ruby/1.8/webrick/server.rb:92:in `each'
  /home/chimwemwe/.rvm/rubies/ruby-1.8.7-p370/lib/ruby/1.8/webrick/server.rb:92:in `start'
  /home/chimwemwe/.rvm/rubies/ruby-1.8.7-p370/lib/ruby/1.8/webrick/server.rb:23:in `start'
  /home/chimwemwe/.rvm/rubies/ruby-1.8.7-p370/lib/ruby/1.8/webrick/server.rb:82:in `start'

Rendering rescues/layout (not_found)


Processing CorePatientRegistrationController#new (for 127.0.0.1 at 2012-12-10 15:41:56) [GET]
  Parameters: {"show_age"=>"true", "show_middle_name"=>"false"}
Rendering template within layouts/application
Rendering core_patient_registration/new
Completed in 4ms (View: 4, DB: 0) | 200 OK [http://localhost/new_patient?show_middle_name=false&show_age=true]


Processing ApplicationController#index (for 127.0.0.1 at 2012-12-10 15:41:56) [GET]

ActionController::RoutingError (No route matches "/javascripts/dateselector.js" with {:method=>:get}):
  /home/chimwemwe/.rvm/rubies/ruby-1.8.7-p370/lib/ruby/1.8/webrick/httpserver.rb:104:in `service'
  /home/chimwemwe/.rvm/rubies/ruby-1.8.7-p370/lib/ruby/1.8/webrick/httpserver.rb:65:in `run'
  /home/chimwemwe/.rvm/rubies/ruby-1.8.7-p370/lib/ruby/1.8/webrick/server.rb:173:in `start_thread'
  /home/chimwemwe/.rvm/rubies/ruby-1.8.7-p370/lib/ruby/1.8/webrick/server.rb:162:in `start'
  /home/chimwemwe/.rvm/rubies/ruby-1.8.7-p370/lib/ruby/1.8/webrick/server.rb:162:in `start_thread'
  /home/chimwemwe/.rvm/rubies/ruby-1.8.7-p370/lib/ruby/1.8/webrick/server.rb:95:in `start'
  /home/chimwemwe/.rvm/rubies/ruby-1.8.7-p370/lib/ruby/1.8/webrick/server.rb:92:in `each'
  /home/chimwemwe/.rvm/rubies/ruby-1.8.7-p370/lib/ruby/1.8/webrick/server.rb:92:in `start'
  /home/chimwemwe/.rvm/rubies/ruby-1.8.7-p370/lib/ruby/1.8/webrick/server.rb:23:in `start'
  /home/chimwemwe/.rvm/rubies/ruby-1.8.7-p370/lib/ruby/1.8/webrick/server.rb:82:in `start'

Rendering rescues/layout (not_found)


Processing CorePatientRegistrationController#new (for 127.0.0.1 at 2012-12-10 15:42:34) [GET]
  Parameters: {"show_age"=>"true", "show_middle_name"=>"false"}
Rendering template within layouts/application
Rendering core_patient_registration/new
Completed in 5ms (View: 5, DB: 0) | 200 OK [http://localhost/new_patient?show_middle_name=false&show_age=true]


Processing CorePatientRegistrationController#new (for 127.0.0.1 at 2012-12-10 15:42:35) [GET]
  Parameters: {"show_age"=>"true", "show_middle_name"=>"false"}
Rendering template within layouts/application
Rendering core_patient_registration/new
Completed in 6ms (View: 6, DB: 0) | 200 OK [http://localhost/new_patient?show_middle_name=false&show_age=true]


Processing CorePatientRegistrationController#new (for 127.0.0.1 at 2012-12-10 15:45:24) [GET]
  Parameters: {"show_age"=>"true", "show_middle_name"=>"false"}
Rendering template within layouts/application
Rendering core_patient_registration/new
Completed in 5ms (View: 5, DB: 0) | 200 OK [http://localhost/new_patient?show_middle_name=false&show_age=true]


Processing CorePatientRegistrationController#new (for 127.0.0.1 at 2012-12-10 15:46:22) [GET]
  Parameters: {"show_age"=>"true", "show_middle_name"=>"false"}
Rendering template within layouts/application
Rendering core_patient_registration/new
Completed in 4ms (View: 4, DB: 0) | 200 OK [http://localhost/new_patient?show_middle_name=false&show_age=true]


Processing CorePatientRegistrationController#new (for 127.0.0.1 at 2012-12-10 15:46:24) [GET]
  Parameters: {"show_age"=>"true", "show_middle_name"=>"false"}
Rendering template within layouts/application
Rendering core_patient_registration/new
Completed in 3ms (View: 3, DB: 0) | 200 OK [http://localhost/new_patient?show_middle_name=false&show_age=true]


Processing CorePatientRegistrationController#new (for 127.0.0.1 at 2012-12-10 15:47:10) [GET]
  Parameters: {"show_age"=>"true", "show_middle_name"=>"false"}
Rendering template within layouts/application
Rendering core_patient_registration/new
Completed in 5ms (View: 5, DB: 0) | 200 OK [http://localhost/new_patient?show_middle_name=false&show_age=true]


Processing CorePatientRegistrationController#new (for 127.0.0.1 at 2012-12-10 15:48:14) [GET]
  Parameters: {"show_age"=>"true", "show_middle_name"=>"false"}
Rendering template within layouts/application
Rendering core_patient_registration/new
Completed in 6ms (View: 5, DB: 0) | 200 OK [http://localhost/new_patient?show_middle_name=false&show_age=true]


Processing CorePatientRegistrationController#new (for 127.0.0.1 at 2012-12-10 15:48:16) [GET]
  Parameters: {"show_age"=>"true", "show_middle_name"=>"false"}
Rendering template within layouts/application
Rendering core_patient_registration/new
Completed in 5ms (View: 5, DB: 0) | 200 OK [http://localhost/new_patient?show_middle_name=false&show_age=true]


Processing ApplicationController#index (for 127.0.0.1 at 2012-12-11 10:56:43) [GET]

ActionController::RoutingError (No route matches "/" with {:method=>:get}):
  /home/chimwemwe/.passenger/standalone/3.0.18-x86_64-ruby1.8.7-linux-gcc4.7.2-1002/support/lib/phusion_passenger/rack/request_handler.rb:96:in `process_request'
  /home/chimwemwe/.passenger/standalone/3.0.18-x86_64-ruby1.8.7-linux-gcc4.7.2-1002/support/lib/phusion_passenger/abstract_request_handler.rb:516:in `accept_and_process_next_request'
  /home/chimwemwe/.passenger/standalone/3.0.18-x86_64-ruby1.8.7-linux-gcc4.7.2-1002/support/lib/phusion_passenger/abstract_request_handler.rb:274:in `main_loop'
  /home/chimwemwe/.passenger/standalone/3.0.18-x86_64-ruby1.8.7-linux-gcc4.7.2-1002/support/lib/phusion_passenger/classic_rails/application_spawner.rb:321:in `start_request_handler'
  /home/chimwemwe/.passenger/standalone/3.0.18-x86_64-ruby1.8.7-linux-gcc4.7.2-1002/support/lib/phusion_passenger/classic_rails/application_spawner.rb:275:in `send'
  /home/chimwemwe/.passenger/standalone/3.0.18-x86_64-ruby1.8.7-linux-gcc4.7.2-1002/support/lib/phusion_passenger/classic_rails/application_spawner.rb:275:in `handle_spawn_application'
  /home/chimwemwe/.passenger/standalone/3.0.18-x86_64-ruby1.8.7-linux-gcc4.7.2-1002/support/lib/phusion_passenger/utils.rb:470:in `safe_fork'
  /home/chimwemwe/.passenger/standalone/3.0.18-x86_64-ruby1.8.7-linux-gcc4.7.2-1002/support/lib/phusion_passenger/classic_rails/application_spawner.rb:270:in `handle_spawn_application'
  /home/chimwemwe/.passenger/standalone/3.0.18-x86_64-ruby1.8.7-linux-gcc4.7.2-1002/support/lib/phusion_passenger/abstract_server.rb:357:in `__send__'
  /home/chimwemwe/.passenger/standalone/3.0.18-x86_64-ruby1.8.7-linux-gcc4.7.2-1002/support/lib/phusion_passenger/abstract_server.rb:357:in `server_main_loop'
  /home/chimwemwe/.passenger/standalone/3.0.18-x86_64-ruby1.8.7-linux-gcc4.7.2-1002/support/lib/phusion_passenger/abstract_server.rb:206:in `start_synchronously'
  /home/chimwemwe/.passenger/standalone/3.0.18-x86_64-ruby1.8.7-linux-gcc4.7.2-1002/support/lib/phusion_passenger/abstract_server.rb:180:in `start'
  /home/chimwemwe/.passenger/standalone/3.0.18-x86_64-ruby1.8.7-linux-gcc4.7.2-1002/support/lib/phusion_passenger/classic_rails/application_spawner.rb:149:in `start'
  /home/chimwemwe/.passenger/standalone/3.0.18-x86_64-ruby1.8.7-linux-gcc4.7.2-1002/support/lib/phusion_passenger/spawn_manager.rb:219:in `spawn_rails_application'
  /home/chimwemwe/.passenger/standalone/3.0.18-x86_64-ruby1.8.7-linux-gcc4.7.2-1002/support/lib/phusion_passenger/abstract_server_collection.rb:132:in `lookup_or_add'
  /home/chimwemwe/.passenger/standalone/3.0.18-x86_64-ruby1.8.7-linux-gcc4.7.2-1002/support/lib/phusion_passenger/spawn_manager.rb:214:in `spawn_rails_application'
  /home/chimwemwe/.passenger/standalone/3.0.18-x86_64-ruby1.8.7-linux-gcc4.7.2-1002/support/lib/phusion_passenger/abstract_server_collection.rb:82:in `synchronize'
  /home/chimwemwe/.passenger/standalone/3.0.18-x86_64-ruby1.8.7-linux-gcc4.7.2-1002/support/lib/phusion_passenger/abstract_server_collection.rb:79:in `synchronize'
  /home/chimwemwe/.passenger/standalone/3.0.18-x86_64-ruby1.8.7-linux-gcc4.7.2-1002/support/lib/phusion_passenger/spawn_manager.rb:213:in `spawn_rails_application'
  /home/chimwemwe/.passenger/standalone/3.0.18-x86_64-ruby1.8.7-linux-gcc4.7.2-1002/support/lib/phusion_passenger/spawn_manager.rb:132:in `spawn_application'
  /home/chimwemwe/.passenger/standalone/3.0.18-x86_64-ruby1.8.7-linux-gcc4.7.2-1002/support/lib/phusion_passenger/spawn_manager.rb:275:in `handle_spawn_application'
  /home/chimwemwe/.passenger/standalone/3.0.18-x86_64-ruby1.8.7-linux-gcc4.7.2-1002/support/lib/phusion_passenger/abstract_server.rb:357:in `__send__'
  /home/chimwemwe/.passenger/standalone/3.0.18-x86_64-ruby1.8.7-linux-gcc4.7.2-1002/support/lib/phusion_passenger/abstract_server.rb:357:in `server_main_loop'
  /home/chimwemwe/.passenger/standalone/3.0.18-x86_64-ruby1.8.7-linux-gcc4.7.2-1002/support/lib/phusion_passenger/abstract_server.rb:206:in `start_synchronously'
  /home/chimwemwe/.passenger/standalone/3.0.18-x86_64-ruby1.8.7-linux-gcc4.7.2-1002/support/helper-scripts/passenger-spawn-server:99

Rendering rescues/layout (not_found)


Processing ApplicationController#index (for 127.0.0.1 at 2012-12-11 10:57:15) [GET]

ActionController::RoutingError (No route matches "/" with {:method=>:get}):
  /home/chimwemwe/.passenger/standalone/3.0.18-x86_64-ruby1.8.7-linux-gcc4.7.2-1002/support/lib/phusion_passenger/rack/request_handler.rb:96:in `process_request'
  /home/chimwemwe/.passenger/standalone/3.0.18-x86_64-ruby1.8.7-linux-gcc4.7.2-1002/support/lib/phusion_passenger/abstract_request_handler.rb:516:in `accept_and_process_next_request'
  /home/chimwemwe/.passenger/standalone/3.0.18-x86_64-ruby1.8.7-linux-gcc4.7.2-1002/support/lib/phusion_passenger/abstract_request_handler.rb:274:in `main_loop'
  /home/chimwemwe/.passenger/standalone/3.0.18-x86_64-ruby1.8.7-linux-gcc4.7.2-1002/support/lib/phusion_passenger/classic_rails/application_spawner.rb:321:in `start_request_handler'
  /home/chimwemwe/.passenger/standalone/3.0.18-x86_64-ruby1.8.7-linux-gcc4.7.2-1002/support/lib/phusion_passenger/classic_rails/application_spawner.rb:275:in `send'
  /home/chimwemwe/.passenger/standalone/3.0.18-x86_64-ruby1.8.7-linux-gcc4.7.2-1002/support/lib/phusion_passenger/classic_rails/application_spawner.rb:275:in `handle_spawn_application'
  /home/chimwemwe/.passenger/standalone/3.0.18-x86_64-ruby1.8.7-linux-gcc4.7.2-1002/support/lib/phusion_passenger/utils.rb:470:in `safe_fork'
  /home/chimwemwe/.passenger/standalone/3.0.18-x86_64-ruby1.8.7-linux-gcc4.7.2-1002/support/lib/phusion_passenger/classic_rails/application_spawner.rb:270:in `handle_spawn_application'
  /home/chimwemwe/.passenger/standalone/3.0.18-x86_64-ruby1.8.7-linux-gcc4.7.2-1002/support/lib/phusion_passenger/abstract_server.rb:357:in `__send__'
  /home/chimwemwe/.passenger/standalone/3.0.18-x86_64-ruby1.8.7-linux-gcc4.7.2-1002/support/lib/phusion_passenger/abstract_server.rb:357:in `server_main_loop'
  /home/chimwemwe/.passenger/standalone/3.0.18-x86_64-ruby1.8.7-linux-gcc4.7.2-1002/support/lib/phusion_passenger/abstract_server.rb:206:in `start_synchronously'
  /home/chimwemwe/.passenger/standalone/3.0.18-x86_64-ruby1.8.7-linux-gcc4.7.2-1002/support/lib/phusion_passenger/abstract_server.rb:180:in `start'
  /home/chimwemwe/.passenger/standalone/3.0.18-x86_64-ruby1.8.7-linux-gcc4.7.2-1002/support/lib/phusion_passenger/classic_rails/application_spawner.rb:149:in `start'
  /home/chimwemwe/.passenger/standalone/3.0.18-x86_64-ruby1.8.7-linux-gcc4.7.2-1002/support/lib/phusion_passenger/spawn_manager.rb:219:in `spawn_rails_application'
  /home/chimwemwe/.passenger/standalone/3.0.18-x86_64-ruby1.8.7-linux-gcc4.7.2-1002/support/lib/phusion_passenger/abstract_server_collection.rb:132:in `lookup_or_add'
  /home/chimwemwe/.passenger/standalone/3.0.18-x86_64-ruby1.8.7-linux-gcc4.7.2-1002/support/lib/phusion_passenger/spawn_manager.rb:214:in `spawn_rails_application'
  /home/chimwemwe/.passenger/standalone/3.0.18-x86_64-ruby1.8.7-linux-gcc4.7.2-1002/support/lib/phusion_passenger/abstract_server_collection.rb:82:in `synchronize'
  /home/chimwemwe/.passenger/standalone/3.0.18-x86_64-ruby1.8.7-linux-gcc4.7.2-1002/support/lib/phusion_passenger/abstract_server_collection.rb:79:in `synchronize'
  /home/chimwemwe/.passenger/standalone/3.0.18-x86_64-ruby1.8.7-linux-gcc4.7.2-1002/support/lib/phusion_passenger/spawn_manager.rb:213:in `spawn_rails_application'
  /home/chimwemwe/.passenger/standalone/3.0.18-x86_64-ruby1.8.7-linux-gcc4.7.2-1002/support/lib/phusion_passenger/spawn_manager.rb:132:in `spawn_application'
  /home/chimwemwe/.passenger/standalone/3.0.18-x86_64-ruby1.8.7-linux-gcc4.7.2-1002/support/lib/phusion_passenger/spawn_manager.rb:275:in `handle_spawn_application'
  /home/chimwemwe/.passenger/standalone/3.0.18-x86_64-ruby1.8.7-linux-gcc4.7.2-1002/support/lib/phusion_passenger/abstract_server.rb:357:in `__send__'
  /home/chimwemwe/.passenger/standalone/3.0.18-x86_64-ruby1.8.7-linux-gcc4.7.2-1002/support/lib/phusion_passenger/abstract_server.rb:357:in `server_main_loop'
  /home/chimwemwe/.passenger/standalone/3.0.18-x86_64-ruby1.8.7-linux-gcc4.7.2-1002/support/lib/phusion_passenger/abstract_server.rb:206:in `start_synchronously'
  /home/chimwemwe/.passenger/standalone/3.0.18-x86_64-ruby1.8.7-linux-gcc4.7.2-1002/support/helper-scripts/passenger-spawn-server:99

Rendering rescues/layout (not_found)


Processing CorePatientRegistrationController#new (for 127.0.0.1 at 2012-12-11 10:57:16) [GET]
Rendering template within layouts/application
Rendering core_patient_registration/new
Completed in 13ms (View: 12, DB: 0) | 200 OK [http://localhost/new_patient]


Processing ApplicationController#index (for 127.0.0.1 at 2012-12-11 11:02:27) [GET]

ActionController::RoutingError (No route matches "/" with {:method=>:get}):
  /home/chimwemwe/.passenger/standalone/3.0.18-x86_64-ruby1.8.7-linux-gcc4.7.2-1002/support/lib/phusion_passenger/rack/request_handler.rb:96:in `process_request'
  /home/chimwemwe/.passenger/standalone/3.0.18-x86_64-ruby1.8.7-linux-gcc4.7.2-1002/support/lib/phusion_passenger/abstract_request_handler.rb:516:in `accept_and_process_next_request'
  /home/chimwemwe/.passenger/standalone/3.0.18-x86_64-ruby1.8.7-linux-gcc4.7.2-1002/support/lib/phusion_passenger/abstract_request_handler.rb:274:in `main_loop'
  /home/chimwemwe/.passenger/standalone/3.0.18-x86_64-ruby1.8.7-linux-gcc4.7.2-1002/support/lib/phusion_passenger/classic_rails/application_spawner.rb:321:in `start_request_handler'
  /home/chimwemwe/.passenger/standalone/3.0.18-x86_64-ruby1.8.7-linux-gcc4.7.2-1002/support/lib/phusion_passenger/classic_rails/application_spawner.rb:275:in `send'
  /home/chimwemwe/.passenger/standalone/3.0.18-x86_64-ruby1.8.7-linux-gcc4.7.2-1002/support/lib/phusion_passenger/classic_rails/application_spawner.rb:275:in `handle_spawn_application'
  /home/chimwemwe/.passenger/standalone/3.0.18-x86_64-ruby1.8.7-linux-gcc4.7.2-1002/support/lib/phusion_passenger/utils.rb:470:in `safe_fork'
  /home/chimwemwe/.passenger/standalone/3.0.18-x86_64-ruby1.8.7-linux-gcc4.7.2-1002/support/lib/phusion_passenger/classic_rails/application_spawner.rb:270:in `handle_spawn_application'
  /home/chimwemwe/.passenger/standalone/3.0.18-x86_64-ruby1.8.7-linux-gcc4.7.2-1002/support/lib/phusion_passenger/abstract_server.rb:357:in `__send__'
  /home/chimwemwe/.passenger/standalone/3.0.18-x86_64-ruby1.8.7-linux-gcc4.7.2-1002/support/lib/phusion_passenger/abstract_server.rb:357:in `server_main_loop'
  /home/chimwemwe/.passenger/standalone/3.0.18-x86_64-ruby1.8.7-linux-gcc4.7.2-1002/support/lib/phusion_passenger/abstract_server.rb:206:in `start_synchronously'
  /home/chimwemwe/.passenger/standalone/3.0.18-x86_64-ruby1.8.7-linux-gcc4.7.2-1002/support/lib/phusion_passenger/abstract_server.rb:180:in `start'
  /home/chimwemwe/.passenger/standalone/3.0.18-x86_64-ruby1.8.7-linux-gcc4.7.2-1002/support/lib/phusion_passenger/classic_rails/application_spawner.rb:149:in `start'
  /home/chimwemwe/.passenger/standalone/3.0.18-x86_64-ruby1.8.7-linux-gcc4.7.2-1002/support/lib/phusion_passenger/spawn_manager.rb:219:in `spawn_rails_application'
  /home/chimwemwe/.passenger/standalone/3.0.18-x86_64-ruby1.8.7-linux-gcc4.7.2-1002/support/lib/phusion_passenger/abstract_server_collection.rb:132:in `lookup_or_add'
  /home/chimwemwe/.passenger/standalone/3.0.18-x86_64-ruby1.8.7-linux-gcc4.7.2-1002/support/lib/phusion_passenger/spawn_manager.rb:214:in `spawn_rails_application'
  /home/chimwemwe/.passenger/standalone/3.0.18-x86_64-ruby1.8.7-linux-gcc4.7.2-1002/support/lib/phusion_passenger/abstract_server_collection.rb:82:in `synchronize'
  /home/chimwemwe/.passenger/standalone/3.0.18-x86_64-ruby1.8.7-linux-gcc4.7.2-1002/support/lib/phusion_passenger/abstract_server_collection.rb:79:in `synchronize'
  /home/chimwemwe/.passenger/standalone/3.0.18-x86_64-ruby1.8.7-linux-gcc4.7.2-1002/support/lib/phusion_passenger/spawn_manager.rb:213:in `spawn_rails_application'
  /home/chimwemwe/.passenger/standalone/3.0.18-x86_64-ruby1.8.7-linux-gcc4.7.2-1002/support/lib/phusion_passenger/spawn_manager.rb:132:in `spawn_application'
  /home/chimwemwe/.passenger/standalone/3.0.18-x86_64-ruby1.8.7-linux-gcc4.7.2-1002/support/lib/phusion_passenger/spawn_manager.rb:275:in `handle_spawn_application'
  /home/chimwemwe/.passenger/standalone/3.0.18-x86_64-ruby1.8.7-linux-gcc4.7.2-1002/support/lib/phusion_passenger/abstract_server.rb:357:in `__send__'
  /home/chimwemwe/.passenger/standalone/3.0.18-x86_64-ruby1.8.7-linux-gcc4.7.2-1002/support/lib/phusion_passenger/abstract_server.rb:357:in `server_main_loop'
  /home/chimwemwe/.passenger/standalone/3.0.18-x86_64-ruby1.8.7-linux-gcc4.7.2-1002/support/lib/phusion_passenger/abstract_server.rb:206:in `start_synchronously'
  /home/chimwemwe/.passenger/standalone/3.0.18-x86_64-ruby1.8.7-linux-gcc4.7.2-1002/support/helper-scripts/passenger-spawn-server:99

Rendering rescues/layout (not_found)


Processing CorePatientRegistrationController#new (for 127.0.0.1 at 2012-12-11 11:02:33) [GET]
Rendering template within layouts/application
Rendering core_patient_registration/new
Completed in 9ms (View: 8, DB: 0) | 200 OK [http://localhost/new_patient]


Processing CorePatientRegistrationController#create (for 127.0.0.1 at 2012-12-11 11:02:50) [POST]
  Parameters: {"person"=>{"gender"=>"Female", "names"=>{"family_name"=>"Banda", "given_name"=>"Mary"}}}

RuntimeError (--- !map:HashWithIndifferentAccess 
person: !map:HashWithIndifferentAccess 
  gender: Female
  names: !map:HashWithIndifferentAccess 
    family_name: Banda
    given_name: Mary
action: create
controller: core_patient_registration
):
  app/controllers/core_patient_registration_controller.rb:54:in `create'
  /home/chimwemwe/.passenger/standalone/3.0.18-x86_64-ruby1.8.7-linux-gcc4.7.2-1002/support/lib/phusion_passenger/rack/request_handler.rb:96:in `process_request'
  /home/chimwemwe/.passenger/standalone/3.0.18-x86_64-ruby1.8.7-linux-gcc4.7.2-1002/support/lib/phusion_passenger/abstract_request_handler.rb:516:in `accept_and_process_next_request'
  /home/chimwemwe/.passenger/standalone/3.0.18-x86_64-ruby1.8.7-linux-gcc4.7.2-1002/support/lib/phusion_passenger/abstract_request_handler.rb:274:in `main_loop'
  /home/chimwemwe/.passenger/standalone/3.0.18-x86_64-ruby1.8.7-linux-gcc4.7.2-1002/support/lib/phusion_passenger/classic_rails/application_spawner.rb:321:in `start_request_handler'
  /home/chimwemwe/.passenger/standalone/3.0.18-x86_64-ruby1.8.7-linux-gcc4.7.2-1002/support/lib/phusion_passenger/classic_rails/application_spawner.rb:275:in `send'
  /home/chimwemwe/.passenger/standalone/3.0.18-x86_64-ruby1.8.7-linux-gcc4.7.2-1002/support/lib/phusion_passenger/classic_rails/application_spawner.rb:275:in `handle_spawn_application'
  /home/chimwemwe/.passenger/standalone/3.0.18-x86_64-ruby1.8.7-linux-gcc4.7.2-1002/support/lib/phusion_passenger/utils.rb:470:in `safe_fork'
  /home/chimwemwe/.passenger/standalone/3.0.18-x86_64-ruby1.8.7-linux-gcc4.7.2-1002/support/lib/phusion_passenger/classic_rails/application_spawner.rb:270:in `handle_spawn_application'
  /home/chimwemwe/.passenger/standalone/3.0.18-x86_64-ruby1.8.7-linux-gcc4.7.2-1002/support/lib/phusion_passenger/abstract_server.rb:357:in `__send__'
  /home/chimwemwe/.passenger/standalone/3.0.18-x86_64-ruby1.8.7-linux-gcc4.7.2-1002/support/lib/phusion_passenger/abstract_server.rb:357:in `server_main_loop'
  /home/chimwemwe/.passenger/standalone/3.0.18-x86_64-ruby1.8.7-linux-gcc4.7.2-1002/support/lib/phusion_passenger/abstract_server.rb:206:in `start_synchronously'
  /home/chimwemwe/.passenger/standalone/3.0.18-x86_64-ruby1.8.7-linux-gcc4.7.2-1002/support/lib/phusion_passenger/abstract_server.rb:180:in `start'
  /home/chimwemwe/.passenger/standalone/3.0.18-x86_64-ruby1.8.7-linux-gcc4.7.2-1002/support/lib/phusion_passenger/classic_rails/application_spawner.rb:149:in `start'
  /home/chimwemwe/.passenger/standalone/3.0.18-x86_64-ruby1.8.7-linux-gcc4.7.2-1002/support/lib/phusion_passenger/spawn_manager.rb:219:in `spawn_rails_application'
  /home/chimwemwe/.passenger/standalone/3.0.18-x86_64-ruby1.8.7-linux-gcc4.7.2-1002/support/lib/phusion_passenger/abstract_server_collection.rb:132:in `lookup_or_add'
  /home/chimwemwe/.passenger/standalone/3.0.18-x86_64-ruby1.8.7-linux-gcc4.7.2-1002/support/lib/phusion_passenger/spawn_manager.rb:214:in `spawn_rails_application'
  /home/chimwemwe/.passenger/standalone/3.0.18-x86_64-ruby1.8.7-linux-gcc4.7.2-1002/support/lib/phusion_passenger/abstract_server_collection.rb:82:in `synchronize'
  /home/chimwemwe/.passenger/standalone/3.0.18-x86_64-ruby1.8.7-linux-gcc4.7.2-1002/support/lib/phusion_passenger/abstract_server_collection.rb:79:in `synchronize'
  /home/chimwemwe/.passenger/standalone/3.0.18-x86_64-ruby1.8.7-linux-gcc4.7.2-1002/support/lib/phusion_passenger/spawn_manager.rb:213:in `spawn_rails_application'
  /home/chimwemwe/.passenger/standalone/3.0.18-x86_64-ruby1.8.7-linux-gcc4.7.2-1002/support/lib/phusion_passenger/spawn_manager.rb:132:in `spawn_application'
  /home/chimwemwe/.passenger/standalone/3.0.18-x86_64-ruby1.8.7-linux-gcc4.7.2-1002/support/lib/phusion_passenger/spawn_manager.rb:275:in `handle_spawn_application'
  /home/chimwemwe/.passenger/standalone/3.0.18-x86_64-ruby1.8.7-linux-gcc4.7.2-1002/support/lib/phusion_passenger/abstract_server.rb:357:in `__send__'
  /home/chimwemwe/.passenger/standalone/3.0.18-x86_64-ruby1.8.7-linux-gcc4.7.2-1002/support/lib/phusion_passenger/abstract_server.rb:357:in `server_main_loop'
  /home/chimwemwe/.passenger/standalone/3.0.18-x86_64-ruby1.8.7-linux-gcc4.7.2-1002/support/lib/phusion_passenger/abstract_server.rb:206:in `start_synchronously'
  /home/chimwemwe/.passenger/standalone/3.0.18-x86_64-ruby1.8.7-linux-gcc4.7.2-1002/support/helper-scripts/passenger-spawn-server:99

Rendering rescues/layout (internal_server_error)


Processing CorePatientRegistrationController#create (for 127.0.0.1 at 2012-12-11 11:03:09) [POST]
  Parameters: {"person"=>{"gender"=>"Female", "names"=>{"family_name"=>"Banda", "given_name"=>"Mary"}}}

RuntimeError (--- !map:HashWithIndifferentAccess 
person: !map:HashWithIndifferentAccess 
  gender: Female
  names: !map:HashWithIndifferentAccess 
    family_name: Banda
    given_name: Mary
action: create
controller: core_patient_registration
):
  app/controllers/core_patient_registration_controller.rb:54:in `create'
  /home/chimwemwe/.passenger/standalone/3.0.18-x86_64-ruby1.8.7-linux-gcc4.7.2-1002/support/lib/phusion_passenger/rack/request_handler.rb:96:in `process_request'
  /home/chimwemwe/.passenger/standalone/3.0.18-x86_64-ruby1.8.7-linux-gcc4.7.2-1002/support/lib/phusion_passenger/abstract_request_handler.rb:516:in `accept_and_process_next_request'
  /home/chimwemwe/.passenger/standalone/3.0.18-x86_64-ruby1.8.7-linux-gcc4.7.2-1002/support/lib/phusion_passenger/abstract_request_handler.rb:274:in `main_loop'
  /home/chimwemwe/.passenger/standalone/3.0.18-x86_64-ruby1.8.7-linux-gcc4.7.2-1002/support/lib/phusion_passenger/classic_rails/application_spawner.rb:321:in `start_request_handler'
  /home/chimwemwe/.passenger/standalone/3.0.18-x86_64-ruby1.8.7-linux-gcc4.7.2-1002/support/lib/phusion_passenger/classic_rails/application_spawner.rb:275:in `send'
  /home/chimwemwe/.passenger/standalone/3.0.18-x86_64-ruby1.8.7-linux-gcc4.7.2-1002/support/lib/phusion_passenger/classic_rails/application_spawner.rb:275:in `handle_spawn_application'
  /home/chimwemwe/.passenger/standalone/3.0.18-x86_64-ruby1.8.7-linux-gcc4.7.2-1002/support/lib/phusion_passenger/utils.rb:470:in `safe_fork'
  /home/chimwemwe/.passenger/standalone/3.0.18-x86_64-ruby1.8.7-linux-gcc4.7.2-1002/support/lib/phusion_passenger/classic_rails/application_spawner.rb:270:in `handle_spawn_application'
  /home/chimwemwe/.passenger/standalone/3.0.18-x86_64-ruby1.8.7-linux-gcc4.7.2-1002/support/lib/phusion_passenger/abstract_server.rb:357:in `__send__'
  /home/chimwemwe/.passenger/standalone/3.0.18-x86_64-ruby1.8.7-linux-gcc4.7.2-1002/support/lib/phusion_passenger/abstract_server.rb:357:in `server_main_loop'
  /home/chimwemwe/.passenger/standalone/3.0.18-x86_64-ruby1.8.7-linux-gcc4.7.2-1002/support/lib/phusion_passenger/abstract_server.rb:206:in `start_synchronously'
  /home/chimwemwe/.passenger/standalone/3.0.18-x86_64-ruby1.8.7-linux-gcc4.7.2-1002/support/lib/phusion_passenger/abstract_server.rb:180:in `start'
  /home/chimwemwe/.passenger/standalone/3.0.18-x86_64-ruby1.8.7-linux-gcc4.7.2-1002/support/lib/phusion_passenger/classic_rails/application_spawner.rb:149:in `start'
  /home/chimwemwe/.passenger/standalone/3.0.18-x86_64-ruby1.8.7-linux-gcc4.7.2-1002/support/lib/phusion_passenger/spawn_manager.rb:219:in `spawn_rails_application'
  /home/chimwemwe/.passenger/standalone/3.0.18-x86_64-ruby1.8.7-linux-gcc4.7.2-1002/support/lib/phusion_passenger/abstract_server_collection.rb:132:in `lookup_or_add'
  /home/chimwemwe/.passenger/standalone/3.0.18-x86_64-ruby1.8.7-linux-gcc4.7.2-1002/support/lib/phusion_passenger/spawn_manager.rb:214:in `spawn_rails_application'
  /home/chimwemwe/.passenger/standalone/3.0.18-x86_64-ruby1.8.7-linux-gcc4.7.2-1002/support/lib/phusion_passenger/abstract_server_collection.rb:82:in `synchronize'
  /home/chimwemwe/.passenger/standalone/3.0.18-x86_64-ruby1.8.7-linux-gcc4.7.2-1002/support/lib/phusion_passenger/abstract_server_collection.rb:79:in `synchronize'
  /home/chimwemwe/.passenger/standalone/3.0.18-x86_64-ruby1.8.7-linux-gcc4.7.2-1002/support/lib/phusion_passenger/spawn_manager.rb:213:in `spawn_rails_application'
  /home/chimwemwe/.passenger/standalone/3.0.18-x86_64-ruby1.8.7-linux-gcc4.7.2-1002/support/lib/phusion_passenger/spawn_manager.rb:132:in `spawn_application'
  /home/chimwemwe/.passenger/standalone/3.0.18-x86_64-ruby1.8.7-linux-gcc4.7.2-1002/support/lib/phusion_passenger/spawn_manager.rb:275:in `handle_spawn_application'
  /home/chimwemwe/.passenger/standalone/3.0.18-x86_64-ruby1.8.7-linux-gcc4.7.2-1002/support/lib/phusion_passenger/abstract_server.rb:357:in `__send__'
  /home/chimwemwe/.passenger/standalone/3.0.18-x86_64-ruby1.8.7-linux-gcc4.7.2-1002/support/lib/phusion_passenger/abstract_server.rb:357:in `server_main_loop'
  /home/chimwemwe/.passenger/standalone/3.0.18-x86_64-ruby1.8.7-linux-gcc4.7.2-1002/support/lib/phusion_passenger/abstract_server.rb:206:in `start_synchronously'
  /home/chimwemwe/.passenger/standalone/3.0.18-x86_64-ruby1.8.7-linux-gcc4.7.2-1002/support/helper-scripts/passenger-spawn-server:99

Rendering rescues/layout (internal_server_error)


Processing CorePatientRegistrationController#create (for 127.0.0.1 at 2012-12-11 11:03:15) [POST]
  Parameters: {"person"=>{"gender"=>"Female", "names"=>{"family_name"=>"Banda", "given_name"=>"Mary"}}}

RuntimeError (--- !map:HashWithIndifferentAccess 
person: !map:HashWithIndifferentAccess 
  gender: Female
  names: !map:HashWithIndifferentAccess 
    family_name: Banda
    given_name: Mary
action: create
controller: core_patient_registration
):
  app/controllers/core_patient_registration_controller.rb:54:in `create'
  /home/chimwemwe/.passenger/standalone/3.0.18-x86_64-ruby1.8.7-linux-gcc4.7.2-1002/support/lib/phusion_passenger/rack/request_handler.rb:96:in `process_request'
  /home/chimwemwe/.passenger/standalone/3.0.18-x86_64-ruby1.8.7-linux-gcc4.7.2-1002/support/lib/phusion_passenger/abstract_request_handler.rb:516:in `accept_and_process_next_request'
  /home/chimwemwe/.passenger/standalone/3.0.18-x86_64-ruby1.8.7-linux-gcc4.7.2-1002/support/lib/phusion_passenger/abstract_request_handler.rb:274:in `main_loop'
  /home/chimwemwe/.passenger/standalone/3.0.18-x86_64-ruby1.8.7-linux-gcc4.7.2-1002/support/lib/phusion_passenger/classic_rails/application_spawner.rb:321:in `start_request_handler'
  /home/chimwemwe/.passenger/standalone/3.0.18-x86_64-ruby1.8.7-linux-gcc4.7.2-1002/support/lib/phusion_passenger/classic_rails/application_spawner.rb:275:in `send'
  /home/chimwemwe/.passenger/standalone/3.0.18-x86_64-ruby1.8.7-linux-gcc4.7.2-1002/support/lib/phusion_passenger/classic_rails/application_spawner.rb:275:in `handle_spawn_application'
  /home/chimwemwe/.passenger/standalone/3.0.18-x86_64-ruby1.8.7-linux-gcc4.7.2-1002/support/lib/phusion_passenger/utils.rb:470:in `safe_fork'
  /home/chimwemwe/.passenger/standalone/3.0.18-x86_64-ruby1.8.7-linux-gcc4.7.2-1002/support/lib/phusion_passenger/classic_rails/application_spawner.rb:270:in `handle_spawn_application'
  /home/chimwemwe/.passenger/standalone/3.0.18-x86_64-ruby1.8.7-linux-gcc4.7.2-1002/support/lib/phusion_passenger/abstract_server.rb:357:in `__send__'
  /home/chimwemwe/.passenger/standalone/3.0.18-x86_64-ruby1.8.7-linux-gcc4.7.2-1002/support/lib/phusion_passenger/abstract_server.rb:357:in `server_main_loop'
  /home/chimwemwe/.passenger/standalone/3.0.18-x86_64-ruby1.8.7-linux-gcc4.7.2-1002/support/lib/phusion_passenger/abstract_server.rb:206:in `start_synchronously'
  /home/chimwemwe/.passenger/standalone/3.0.18-x86_64-ruby1.8.7-linux-gcc4.7.2-1002/support/lib/phusion_passenger/abstract_server.rb:180:in `start'
  /home/chimwemwe/.passenger/standalone/3.0.18-x86_64-ruby1.8.7-linux-gcc4.7.2-1002/support/lib/phusion_passenger/classic_rails/application_spawner.rb:149:in `start'
  /home/chimwemwe/.passenger/standalone/3.0.18-x86_64-ruby1.8.7-linux-gcc4.7.2-1002/support/lib/phusion_passenger/spawn_manager.rb:219:in `spawn_rails_application'
  /home/chimwemwe/.passenger/standalone/3.0.18-x86_64-ruby1.8.7-linux-gcc4.7.2-1002/support/lib/phusion_passenger/abstract_server_collection.rb:132:in `lookup_or_add'
  /home/chimwemwe/.passenger/standalone/3.0.18-x86_64-ruby1.8.7-linux-gcc4.7.2-1002/support/lib/phusion_passenger/spawn_manager.rb:214:in `spawn_rails_application'
  /home/chimwemwe/.passenger/standalone/3.0.18-x86_64-ruby1.8.7-linux-gcc4.7.2-1002/support/lib/phusion_passenger/abstract_server_collection.rb:82:in `synchronize'
  /home/chimwemwe/.passenger/standalone/3.0.18-x86_64-ruby1.8.7-linux-gcc4.7.2-1002/support/lib/phusion_passenger/abstract_server_collection.rb:79:in `synchronize'
  /home/chimwemwe/.passenger/standalone/3.0.18-x86_64-ruby1.8.7-linux-gcc4.7.2-1002/support/lib/phusion_passenger/spawn_manager.rb:213:in `spawn_rails_application'
  /home/chimwemwe/.passenger/standalone/3.0.18-x86_64-ruby1.8.7-linux-gcc4.7.2-1002/support/lib/phusion_passenger/spawn_manager.rb:132:in `spawn_application'
  /home/chimwemwe/.passenger/standalone/3.0.18-x86_64-ruby1.8.7-linux-gcc4.7.2-1002/support/lib/phusion_passenger/spawn_manager.rb:275:in `handle_spawn_application'
  /home/chimwemwe/.passenger/standalone/3.0.18-x86_64-ruby1.8.7-linux-gcc4.7.2-1002/support/lib/phusion_passenger/abstract_server.rb:357:in `__send__'
  /home/chimwemwe/.passenger/standalone/3.0.18-x86_64-ruby1.8.7-linux-gcc4.7.2-1002/support/lib/phusion_passenger/abstract_server.rb:357:in `server_main_loop'
  /home/chimwemwe/.passenger/standalone/3.0.18-x86_64-ruby1.8.7-linux-gcc4.7.2-1002/support/lib/phusion_passenger/abstract_server.rb:206:in `start_synchronously'
  /home/chimwemwe/.passenger/standalone/3.0.18-x86_64-ruby1.8.7-linux-gcc4.7.2-1002/support/helper-scripts/passenger-spawn-server:99

Rendering rescues/layout (internal_server_error)


Processing ApplicationController#index (for 127.0.0.1 at 2012-12-11 12:01:55) [GET]

ActionController::RoutingError (No route matches "/" with {:method=>:get}):
  /home/chimwemwe/.passenger/standalone/3.0.18-x86_64-ruby1.8.7-linux-gcc4.7.2-1002/support/lib/phusion_passenger/rack/request_handler.rb:96:in `process_request'
  /home/chimwemwe/.passenger/standalone/3.0.18-x86_64-ruby1.8.7-linux-gcc4.7.2-1002/support/lib/phusion_passenger/abstract_request_handler.rb:516:in `accept_and_process_next_request'
  /home/chimwemwe/.passenger/standalone/3.0.18-x86_64-ruby1.8.7-linux-gcc4.7.2-1002/support/lib/phusion_passenger/abstract_request_handler.rb:274:in `main_loop'
  /home/chimwemwe/.passenger/standalone/3.0.18-x86_64-ruby1.8.7-linux-gcc4.7.2-1002/support/lib/phusion_passenger/classic_rails/application_spawner.rb:321:in `start_request_handler'
  /home/chimwemwe/.passenger/standalone/3.0.18-x86_64-ruby1.8.7-linux-gcc4.7.2-1002/support/lib/phusion_passenger/classic_rails/application_spawner.rb:275:in `send'
  /home/chimwemwe/.passenger/standalone/3.0.18-x86_64-ruby1.8.7-linux-gcc4.7.2-1002/support/lib/phusion_passenger/classic_rails/application_spawner.rb:275:in `handle_spawn_application'
  /home/chimwemwe/.passenger/standalone/3.0.18-x86_64-ruby1.8.7-linux-gcc4.7.2-1002/support/lib/phusion_passenger/utils.rb:470:in `safe_fork'
  /home/chimwemwe/.passenger/standalone/3.0.18-x86_64-ruby1.8.7-linux-gcc4.7.2-1002/support/lib/phusion_passenger/classic_rails/application_spawner.rb:270:in `handle_spawn_application'
  /home/chimwemwe/.passenger/standalone/3.0.18-x86_64-ruby1.8.7-linux-gcc4.7.2-1002/support/lib/phusion_passenger/abstract_server.rb:357:in `__send__'
  /home/chimwemwe/.passenger/standalone/3.0.18-x86_64-ruby1.8.7-linux-gcc4.7.2-1002/support/lib/phusion_passenger/abstract_server.rb:357:in `server_main_loop'
  /home/chimwemwe/.passenger/standalone/3.0.18-x86_64-ruby1.8.7-linux-gcc4.7.2-1002/support/lib/phusion_passenger/abstract_server.rb:206:in `start_synchronously'
  /home/chimwemwe/.passenger/standalone/3.0.18-x86_64-ruby1.8.7-linux-gcc4.7.2-1002/support/lib/phusion_passenger/abstract_server.rb:180:in `start'
  /home/chimwemwe/.passenger/standalone/3.0.18-x86_64-ruby1.8.7-linux-gcc4.7.2-1002/support/lib/phusion_passenger/classic_rails/application_spawner.rb:149:in `start'
  /home/chimwemwe/.passenger/standalone/3.0.18-x86_64-ruby1.8.7-linux-gcc4.7.2-1002/support/lib/phusion_passenger/spawn_manager.rb:219:in `spawn_rails_application'
  /home/chimwemwe/.passenger/standalone/3.0.18-x86_64-ruby1.8.7-linux-gcc4.7.2-1002/support/lib/phusion_passenger/abstract_server_collection.rb:132:in `lookup_or_add'
  /home/chimwemwe/.passenger/standalone/3.0.18-x86_64-ruby1.8.7-linux-gcc4.7.2-1002/support/lib/phusion_passenger/spawn_manager.rb:214:in `spawn_rails_application'
  /home/chimwemwe/.passenger/standalone/3.0.18-x86_64-ruby1.8.7-linux-gcc4.7.2-1002/support/lib/phusion_passenger/abstract_server_collection.rb:82:in `synchronize'
  /home/chimwemwe/.passenger/standalone/3.0.18-x86_64-ruby1.8.7-linux-gcc4.7.2-1002/support/lib/phusion_passenger/abstract_server_collection.rb:79:in `synchronize'
  /home/chimwemwe/.passenger/standalone/3.0.18-x86_64-ruby1.8.7-linux-gcc4.7.2-1002/support/lib/phusion_passenger/spawn_manager.rb:213:in `spawn_rails_application'
  /home/chimwemwe/.passenger/standalone/3.0.18-x86_64-ruby1.8.7-linux-gcc4.7.2-1002/support/lib/phusion_passenger/spawn_manager.rb:132:in `spawn_application'
  /home/chimwemwe/.passenger/standalone/3.0.18-x86_64-ruby1.8.7-linux-gcc4.7.2-1002/support/lib/phusion_passenger/spawn_manager.rb:275:in `handle_spawn_application'
  /home/chimwemwe/.passenger/standalone/3.0.18-x86_64-ruby1.8.7-linux-gcc4.7.2-1002/support/lib/phusion_passenger/abstract_server.rb:357:in `__send__'
  /home/chimwemwe/.passenger/standalone/3.0.18-x86_64-ruby1.8.7-linux-gcc4.7.2-1002/support/lib/phusion_passenger/abstract_server.rb:357:in `server_main_loop'
  /home/chimwemwe/.passenger/standalone/3.0.18-x86_64-ruby1.8.7-linux-gcc4.7.2-1002/support/lib/phusion_passenger/abstract_server.rb:206:in `start_synchronously'
  /home/chimwemwe/.passenger/standalone/3.0.18-x86_64-ruby1.8.7-linux-gcc4.7.2-1002/support/helper-scripts/passenger-spawn-server:99

Rendering rescues/layout (not_found)


Processing ApplicationController#index (for 127.0.0.1 at 2012-12-11 15:06:52) [GET]

ActionController::RoutingError (No route matches "/" with {:method=>:get}):
  /home/chimwemwe/.passenger/standalone/3.0.18-x86_64-ruby1.8.7-linux-gcc4.7.2-1002/support/lib/phusion_passenger/rack/request_handler.rb:96:in `process_request'
  /home/chimwemwe/.passenger/standalone/3.0.18-x86_64-ruby1.8.7-linux-gcc4.7.2-1002/support/lib/phusion_passenger/abstract_request_handler.rb:516:in `accept_and_process_next_request'
  /home/chimwemwe/.passenger/standalone/3.0.18-x86_64-ruby1.8.7-linux-gcc4.7.2-1002/support/lib/phusion_passenger/abstract_request_handler.rb:274:in `main_loop'
  /home/chimwemwe/.passenger/standalone/3.0.18-x86_64-ruby1.8.7-linux-gcc4.7.2-1002/support/lib/phusion_passenger/classic_rails/application_spawner.rb:321:in `start_request_handler'
  /home/chimwemwe/.passenger/standalone/3.0.18-x86_64-ruby1.8.7-linux-gcc4.7.2-1002/support/lib/phusion_passenger/classic_rails/application_spawner.rb:275:in `send'
  /home/chimwemwe/.passenger/standalone/3.0.18-x86_64-ruby1.8.7-linux-gcc4.7.2-1002/support/lib/phusion_passenger/classic_rails/application_spawner.rb:275:in `handle_spawn_application'
  /home/chimwemwe/.passenger/standalone/3.0.18-x86_64-ruby1.8.7-linux-gcc4.7.2-1002/support/lib/phusion_passenger/utils.rb:470:in `safe_fork'
  /home/chimwemwe/.passenger/standalone/3.0.18-x86_64-ruby1.8.7-linux-gcc4.7.2-1002/support/lib/phusion_passenger/classic_rails/application_spawner.rb:270:in `handle_spawn_application'
  /home/chimwemwe/.passenger/standalone/3.0.18-x86_64-ruby1.8.7-linux-gcc4.7.2-1002/support/lib/phusion_passenger/abstract_server.rb:357:in `__send__'
  /home/chimwemwe/.passenger/standalone/3.0.18-x86_64-ruby1.8.7-linux-gcc4.7.2-1002/support/lib/phusion_passenger/abstract_server.rb:357:in `server_main_loop'
  /home/chimwemwe/.passenger/standalone/3.0.18-x86_64-ruby1.8.7-linux-gcc4.7.2-1002/support/lib/phusion_passenger/abstract_server.rb:206:in `start_synchronously'
  /home/chimwemwe/.passenger/standalone/3.0.18-x86_64-ruby1.8.7-linux-gcc4.7.2-1002/support/lib/phusion_passenger/abstract_server.rb:180:in `start'
  /home/chimwemwe/.passenger/standalone/3.0.18-x86_64-ruby1.8.7-linux-gcc4.7.2-1002/support/lib/phusion_passenger/classic_rails/application_spawner.rb:149:in `start'
  /home/chimwemwe/.passenger/standalone/3.0.18-x86_64-ruby1.8.7-linux-gcc4.7.2-1002/support/lib/phusion_passenger/spawn_manager.rb:219:in `spawn_rails_application'
  /home/chimwemwe/.passenger/standalone/3.0.18-x86_64-ruby1.8.7-linux-gcc4.7.2-1002/support/lib/phusion_passenger/abstract_server_collection.rb:132:in `lookup_or_add'
  /home/chimwemwe/.passenger/standalone/3.0.18-x86_64-ruby1.8.7-linux-gcc4.7.2-1002/support/lib/phusion_passenger/spawn_manager.rb:214:in `spawn_rails_application'
  /home/chimwemwe/.passenger/standalone/3.0.18-x86_64-ruby1.8.7-linux-gcc4.7.2-1002/support/lib/phusion_passenger/abstract_server_collection.rb:82:in `synchronize'
  /home/chimwemwe/.passenger/standalone/3.0.18-x86_64-ruby1.8.7-linux-gcc4.7.2-1002/support/lib/phusion_passenger/abstract_server_collection.rb:79:in `synchronize'
  /home/chimwemwe/.passenger/standalone/3.0.18-x86_64-ruby1.8.7-linux-gcc4.7.2-1002/support/lib/phusion_passenger/spawn_manager.rb:213:in `spawn_rails_application'
  /home/chimwemwe/.passenger/standalone/3.0.18-x86_64-ruby1.8.7-linux-gcc4.7.2-1002/support/lib/phusion_passenger/spawn_manager.rb:132:in `spawn_application'
  /home/chimwemwe/.passenger/standalone/3.0.18-x86_64-ruby1.8.7-linux-gcc4.7.2-1002/support/lib/phusion_passenger/spawn_manager.rb:275:in `handle_spawn_application'
  /home/chimwemwe/.passenger/standalone/3.0.18-x86_64-ruby1.8.7-linux-gcc4.7.2-1002/support/lib/phusion_passenger/abstract_server.rb:357:in `__send__'
  /home/chimwemwe/.passenger/standalone/3.0.18-x86_64-ruby1.8.7-linux-gcc4.7.2-1002/support/lib/phusion_passenger/abstract_server.rb:357:in `server_main_loop'
  /home/chimwemwe/.passenger/standalone/3.0.18-x86_64-ruby1.8.7-linux-gcc4.7.2-1002/support/lib/phusion_passenger/abstract_server.rb:206:in `start_synchronously'
  /home/chimwemwe/.passenger/standalone/3.0.18-x86_64-ruby1.8.7-linux-gcc4.7.2-1002/support/helper-scripts/passenger-spawn-server:99

Rendering rescues/layout (not_found)


Processing CorePatientRegistrationController#select (for 127.0.0.1 at 2012-12-11 15:09:21) [GET]
Rendering template within layouts/application
Rendering core_patient_registration/select
Completed in 27ms (View: 26, DB: 0) | 200 OK [http://0.0.0.0/]


Processing CorePatientRegistrationController#select (for 127.0.0.1 at 2012-12-11 15:09:32) [GET]
Rendering template within layouts/application
Rendering core_patient_registration/select
Completed in 3ms (View: 3, DB: 0) | 200 OK [http://localhost/]


Processing CorePatientRegistrationController#select (for 127.0.0.1 at 2012-12-14 11:25:04) [GET]
Rendering template within layouts/application
Rendering core_patient_registration/select
Completed in 16ms (View: 14, DB: 0) | 200 OK [http://0.0.0.0/]
